{"/vercel/share/v0-project/app/layout.tsx": {"path":"/vercel/share/v0-project/app/layout.tsx","statementMap":{"0":{"start":{"line":31,"column":24},"end":{"line":31,"column":35}},"1":{"start":{"line":19,"column":13},"end":{"line":19,"column":34}},"2":{"start":{"line":26,"column":13},"end":{"line":26,"column":34}},"3":{"start":{"line":1,"column":26},"end":{"line":1,"column":null}},"4":{"start":{"line":3,"column":36},"end":{"line":3,"column":null}},"5":{"start":{"line":4,"column":32},"end":{"line":4,"column":null}},"6":{"start":{"line":5,"column":7},"end":{"line":5,"column":null}},"7":{"start":{"line":7,"column":16},"end":{"line":11,"column":null}},"8":{"start":{"line":13,"column":18},"end":{"line":17,"column":null}},"9":{"start":{"line":19,"column":34},"end":{"line":24,"column":null}},"10":{"start":{"line":26,"column":34},"end":{"line":29,"column":null}}},"fnMap":{"0":{"name":"RootLayout","decl":{"start":{"line":31,"column":24},"end":{"line":31,"column":35}},"loc":{"start":{"line":35,"column":2},"end":{"line":44,"column":null}}}},"branchMap":{"0":{"loc":{"start":{"line":40,"column":9},"end":{"line":40,"column":null}},"type":"binary-expr","locations":[{"start":{"line":40,"column":9},"end":{"line":40,"column":50}},{"start":{"line":40,"column":50},"end":{"line":40,"column":null}}]}},"s":{"0":0,"1":0,"2":0,"3":0,"4":0,"5":0,"6":0,"7":0,"8":0,"9":0,"10":0},"f":{"0":0},"b":{"0":[0,0]}}
,"/vercel/share/v0-project/app/page.tsx": {"path":"/vercel/share/v0-project/app/page.tsx","statementMap":{"0":{"start":{"line":9,"column":24},"end":{"line":9,"column":null}},"1":{"start":{"line":3,"column":25},"end":{"line":3,"column":null}},"2":{"start":{"line":4,"column":26},"end":{"line":4,"column":null}},"3":{"start":{"line":5,"column":30},"end":{"line":5,"column":null}},"4":{"start":{"line":6,"column":29},"end":{"line":6,"column":null}},"5":{"start":{"line":7,"column":28},"end":{"line":7,"column":null}},"6":{"start":{"line":10,"column":26},"end":{"line":10,"column":null}},"7":{"start":{"line":11,"column":32},"end":{"line":11,"column":null}},"8":{"start":{"line":12,"column":74},"end":{"line":12,"column":null}},"9":{"start":{"line":18,"column":29},"end":{"line":18,"column":null}}},"fnMap":{"0":{"name":"Page","decl":{"start":{"line":9,"column":24},"end":{"line":9,"column":null}},"loc":{"start":{"line":9,"column":24},"end":{"line":47,"column":null}}},"1":{"name":"(anonymous_2)","decl":{"start":{"line":18,"column":22},"end":{"line":18,"column":23}},"loc":{"start":{"line":18,"column":29},"end":{"line":18,"column":null}}}},"branchMap":{"0":{"loc":{"start":{"line":26,"column":10},"end":{"line":28,"column":11}},"type":"cond-expr","locations":[{"start":{"line":26,"column":10},"end":{"line":28,"column":11}}]}},"s":{"0":0,"1":0,"2":0,"3":0,"4":0,"5":0,"6":0,"7":0,"8":0,"9":0},"f":{"0":0,"1":0},"b":{"0":[0]}}
,"/vercel/share/v0-project/app/api/chat/route.ts": {"path":"/vercel/share/v0-project/app/api/chat/route.ts","statementMap":{"0":{"start":{"line":91,"column":22},"end":{"line":91,"column":27}},"1":{"start":{"line":12,"column":13},"end":{"line":12,"column":27}},"2":{"start":{"line":8,"column":7},"end":{"line":8,"column":null}},"3":{"start":{"line":10,"column":36},"end":{"line":10,"column":null}},"4":{"start":{"line":12,"column":27},"end":{"line":12,"column":null}},"5":{"start":{"line":14,"column":14},"end":{"line":14,"column":null}},"6":{"start":{"line":24,"column":2},"end":{"line":24,"column":null}},"7":{"start":{"line":24,"column":17},"end":{"line":24,"column":null}},"8":{"start":{"line":25,"column":2},"end":{"line":25,"column":null}},"9":{"start":{"line":29,"column":15},"end":{"line":29,"column":null}},"10":{"start":{"line":29,"column":51},"end":{"line":29,"column":null}},"11":{"start":{"line":30,"column":2},"end":{"line":30,"column":null}},"12":{"start":{"line":30,"column":13},"end":{"line":30,"column":null}},"13":{"start":{"line":31,"column":2},"end":{"line":34,"column":null}},"14":{"start":{"line":32,"column":56},"end":{"line":32,"column":null}},"15":{"start":{"line":33,"column":16},"end":{"line":33,"column":22}},"16":{"start":{"line":38,"column":17},"end":{"line":49,"column":47}},"17":{"start":{"line":51,"column":2},"end":{"line":62,"column":null}},"18":{"start":{"line":52,"column":4},"end":{"line":61,"column":null}},"19":{"start":{"line":65,"column":4},"end":{"line":67,"column":null}},"20":{"start":{"line":69,"column":2},"end":{"line":78,"column":null}},"21":{"start":{"line":83,"column":16},"end":{"line":83,"column":null}},"22":{"start":{"line":84,"column":24},"end":{"line":84,"column":26}},"23":{"start":{"line":85,"column":2},"end":{"line":87,"column":null}},"24":{"start":{"line":85,"column":15},"end":{"line":85,"column":18}},"25":{"start":{"line":86,"column":4},"end":{"line":86,"column":null}},"26":{"start":{"line":88,"column":2},"end":{"line":88,"column":null}},"27":{"start":{"line":92,"column":16},"end":{"line":92,"column":null}},"28":{"start":{"line":93,"column":15},"end":{"line":93,"column":null}},"29":{"start":{"line":95,"column":17},"end":{"line":135,"column":null}},"30":{"start":{"line":97,"column":17},"end":{"line":97,"column":null}},"31":{"start":{"line":98,"column":20},"end":{"line":98,"column":null}},"32":{"start":{"line":100,"column":6},"end":{"line":133,"column":null}},"33":{"start":{"line":101,"column":23},"end":{"line":105,"column":null}},"34":{"start":{"line":107,"column":8},"end":{"line":113,"column":null}},"35":{"start":{"line":108,"column":10},"end":{"line":111,"column":null}},"36":{"start":{"line":109,"column":12},"end":{"line":109,"column":null}},"37":{"start":{"line":110,"column":12},"end":{"line":110,"column":null}},"38":{"start":{"line":112,"column":10},"end":{"line":112,"column":null}},"39":{"start":{"line":115,"column":8},"end":{"line":115,"column":null}},"40":{"start":{"line":115,"column":22},"end":{"line":115,"column":null}},"41":{"start":{"line":116,"column":8},"end":{"line":116,"column":null}},"42":{"start":{"line":121,"column":8},"end":{"line":132,"column":null}},"43":{"start":{"line":122,"column":25},"end":{"line":122,"column":null}},"44":{"start":{"line":123,"column":29},"end":{"line":123,"column":null}},"45":{"start":{"line":124,"column":10},"end":{"line":124,"column":null}},"46":{"start":{"line":125,"column":10},"end":{"line":128,"column":null}},"47":{"start":{"line":126,"column":12},"end":{"line":126,"column":null}},"48":{"start":{"line":127,"column":12},"end":{"line":127,"column":null}},"49":{"start":{"line":127,"column":37},"end":{"line":127,"column":null}},"50":{"start":{"line":129,"column":10},"end":{"line":129,"column":null}},"51":{"start":{"line":131,"column":10},"end":{"line":131,"column":null}},"52":{"start":{"line":137,"column":2},"end":{"line":137,"column":null}}},"fnMap":{"0":{"name":"snapshotText","decl":{"start":{"line":23,"column":9},"end":{"line":23,"column":22}},"loc":{"start":{"line":23,"column":46},"end":{"line":26,"column":null}}},"1":{"name":"lastUserText","decl":{"start":{"line":28,"column":9},"end":{"line":28,"column":22}},"loc":{"start":{"line":28,"column":43},"end":{"line":35,"column":null}}},"2":{"name":"(anonymous_5)","decl":{"start":{"line":29,"column":44},"end":{"line":29,"column":45}},"loc":{"start":{"line":29,"column":51},"end":{"line":29,"column":null}}},"3":{"name":"(anonymous_6)","decl":{"start":{"line":32,"column":12},"end":{"line":32,"column":13}},"loc":{"start":{"line":32,"column":56},"end":{"line":32,"column":null}}},"4":{"name":"(anonymous_7)","decl":{"start":{"line":33,"column":9},"end":{"line":33,"column":10}},"loc":{"start":{"line":33,"column":16},"end":{"line":33,"column":22}}},"5":{"name":"systemPrompt","decl":{"start":{"line":37,"column":9},"end":{"line":37,"column":22}},"loc":{"start":{"line":37,"column":36},"end":{"line":79,"column":null}}},"6":{"name":"chunk","decl":{"start":{"line":82,"column":9},"end":{"line":82,"column":15}},"loc":{"start":{"line":82,"column":27},"end":{"line":89,"column":null}}},"7":{"name":"POST","decl":{"start":{"line":91,"column":22},"end":{"line":91,"column":27}},"loc":{"start":{"line":91,"column":39},"end":{"line":138,"column":null}}},"8":{"name":"(anonymous_11)","decl":{"start":{"line":96,"column":13},"end":{"line":96,"column":20}},"loc":{"start":{"line":96,"column":30},"end":{"line":134,"column":null}}},"9":{"name":"(anonymous_12)","decl":{"start":{"line":127,"column":30},"end":{"line":127,"column":31}},"loc":{"start":{"line":127,"column":37},"end":{"line":127,"column":null}}}},"branchMap":{"0":{"loc":{"start":{"line":24,"column":2},"end":{"line":24,"column":null}},"type":"if","locations":[{"start":{"line":24,"column":2},"end":{"line":24,"column":null}}]},"1":{"loc":{"start":{"line":30,"column":2},"end":{"line":30,"column":null}},"type":"if","locations":[{"start":{"line":30,"column":2},"end":{"line":30,"column":null}}]},"2":{"loc":{"start":{"line":51,"column":2},"end":{"line":62,"column":null}},"type":"if","locations":[{"start":{"line":51,"column":2},"end":{"line":62,"column":null}}]},"3":{"loc":{"start":{"line":65,"column":4},"end":{"line":67,"column":null}},"type":"cond-expr","locations":[{"start":{"line":66,"column":8},"end":{"line":66,"column":112}},{"start":{"line":67,"column":8},"end":{"line":67,"column":null}}]},"4":{"loc":{"start":{"line":65,"column":4},"end":{"line":65,"column":null}},"type":"binary-expr","locations":[{"start":{"line":65,"column":4},"end":{"line":65,"column":17}},{"start":{"line":65,"column":21},"end":{"line":65,"column":null}}]},"5":{"loc":{"start":{"line":93,"column":15},"end":{"line":93,"column":null}},"type":"binary-expr","locations":[{"start":{"line":93,"column":15},"end":{"line":93,"column":24}},{"start":{"line":93,"column":28},"end":{"line":93,"column":null}}]},"6":{"loc":{"start":{"line":108,"column":10},"end":{"line":111,"column":null}},"type":"if","locations":[{"start":{"line":108,"column":10},"end":{"line":111,"column":null}}]},"7":{"loc":{"start":{"line":115,"column":8},"end":{"line":115,"column":null}},"type":"if","locations":[{"start":{"line":115,"column":8},"end":{"line":115,"column":null}}]},"8":{"loc":{"start":{"line":121,"column":8},"end":{"line":132,"column":null}},"type":"if","locations":[{"start":{"line":121,"column":8},"end":{"line":132,"column":null}},{"start":{"line":130,"column":15},"end":{"line":132,"column":null}}]}},"s":{"0":0,"1":0,"2":0,"3":0,"4":0,"5":0,"6":0,"7":0,"8":0,"9":0,"10":0,"11":0,"12":0,"13":0,"14":0,"15":0,"16":0,"17":0,"18":0,"19":0,"20":0,"21":0,"22":0,"23":0,"24":0,"25":0,"26":0,"27":0,"28":0,"29":0,"30":0,"31":0,"32":0,"33":0,"34":0,"35":0,"36":0,"37":0,"38":0,"39":0,"40":0,"41":0,"42":0,"43":0,"44":0,"45":0,"46":0,"47":0,"48":0,"49":0,"50":0,"51":0,"52":0},"f":{"0":0,"1":0,"2":0,"3":0,"4":0,"5":0,"6":0,"7":0,"8":0,"9":0},"b":{"0":[0],"1":[0],"2":[0],"3":[0,0],"4":[0,0],"5":[0,0],"6":[0],"7":[0],"8":[0,0]}}
,"/vercel/share/v0-project/app/api/ops-briefing/route.ts": {"path":"/vercel/share/v0-project/app/api/ops-briefing/route.ts","statementMap":{"0":{"start":{"line":35,"column":22},"end":{"line":35,"column":27}},"1":{"start":{"line":6,"column":13},"end":{"line":6,"column":27}},"2":{"start":{"line":1,"column":37},"end":{"line":1,"column":null}},"3":{"start":{"line":2,"column":18},"end":{"line":2,"column":null}},"4":{"start":{"line":4,"column":38},"end":{"line":4,"column":null}},"5":{"start":{"line":6,"column":27},"end":{"line":6,"column":null}},"6":{"start":{"line":8,"column":14},"end":{"line":8,"column":null}},"7":{"start":{"line":10,"column":23},"end":{"line":33,"column":null}},"8":{"start":{"line":36,"column":24},"end":{"line":36,"column":null}},"9":{"start":{"line":38,"column":2},"end":{"line":63,"column":null}},"10":{"start":{"line":39,"column":23},"end":{"line":57,"column":null}},"11":{"start":{"line":59,"column":4},"end":{"line":59,"column":null}},"12":{"start":{"line":62,"column":4},"end":{"line":62,"column":null}}},"fnMap":{"0":{"name":"POST","decl":{"start":{"line":35,"column":22},"end":{"line":35,"column":27}},"loc":{"start":{"line":35,"column":39},"end":{"line":64,"column":null}}}},"branchMap":{},"s":{"0":0,"1":0,"2":0,"3":0,"4":0,"5":0,"6":0,"7":0,"8":0,"9":0,"10":0,"11":0,"12":0},"f":{"0":0},"b":{}}
,"/vercel/share/v0-project/components/app-header.tsx": {"path":"/vercel/share/v0-project/components/app-header.tsx","statementMap":{"0":{"start":{"line":15,"column":16},"end":{"line":15,"column":26}},"1":{"start":{"line":3,"column":36},"end":{"line":3,"column":null}},"2":{"start":{"line":4,"column":44},"end":{"line":4,"column":null}},"3":{"start":{"line":11,"column":7},"end":{"line":11,"column":null}},"4":{"start":{"line":12,"column":23},"end":{"line":12,"column":null}},"5":{"start":{"line":13,"column":39},"end":{"line":13,"column":null}},"6":{"start":{"line":29,"column":32},"end":{"line":29,"column":null}},"7":{"start":{"line":30,"column":2},"end":{"line":30,"column":null}},"8":{"start":{"line":30,"column":18},"end":{"line":30,"column":36}},"9":{"start":{"line":65,"column":56},"end":{"line":65,"column":null}},"10":{"start":{"line":71,"column":16},"end":{"line":71,"column":39}}},"fnMap":{"0":{"name":"AppHeader","decl":{"start":{"line":15,"column":16},"end":{"line":15,"column":26}},"loc":{"start":{"line":27,"column":1},"end":{"line":94,"column":null}}},"1":{"name":"(anonymous_2)","decl":{"start":{"line":30,"column":12},"end":{"line":30,"column":18}},"loc":{"start":{"line":30,"column":18},"end":{"line":30,"column":36}}},"2":{"name":"(anonymous_3)","decl":{"start":{"line":65,"column":49},"end":{"line":65,"column":50}},"loc":{"start":{"line":65,"column":56},"end":{"line":65,"column":null}}},"3":{"name":"(anonymous_4)","decl":{"start":{"line":70,"column":26},"end":{"line":70,"column":27}},"loc":{"start":{"line":71,"column":16},"end":{"line":71,"column":39}}}},"branchMap":{"0":{"loc":{"start":{"line":53,"column":13},"end":{"line":53,"column":null}},"type":"binary-expr","locations":[{"start":{"line":53,"column":13},"end":{"line":53,"column":null}}]},"1":{"loc":{"start":{"line":65,"column":56},"end":{"line":65,"column":null}},"type":"binary-expr","locations":[{"start":{"line":65,"column":56},"end":{"line":65,"column":61}},{"start":{"line":65,"column":61},"end":{"line":65,"column":null}}]}},"s":{"0":0,"1":0,"2":0,"3":0,"4":0,"5":0,"6":0,"7":0,"8":0,"9":0,"10":0},"f":{"0":0,"1":0,"2":0,"3":0},"b":{"0":[0],"1":[0,0]}}
,"/vercel/share/v0-project/components/assistant-chat.tsx": {"path":"/vercel/share/v0-project/components/assistant-chat.tsx","statementMap":{"0":{"start":{"line":22,"column":16},"end":{"line":22,"column":30}},"1":{"start":{"line":3,"column":44},"end":{"line":3,"column":null}},"2":{"start":{"line":4,"column":24},"end":{"line":4,"column":null}},"3":{"start":{"line":5,"column":37},"end":{"line":5,"column":null}},"4":{"start":{"line":6,"column":39},"end":{"line":6,"column":null}},"5":{"start":{"line":7,"column":23},"end":{"line":7,"column":null}},"6":{"start":{"line":8,"column":22},"end":{"line":8,"column":null}},"7":{"start":{"line":9,"column":19},"end":{"line":9,"column":null}},"8":{"start":{"line":33,"column":22},"end":{"line":33,"column":null}},"9":{"start":{"line":34,"column":2},"end":{"line":34,"column":null}},"10":{"start":{"line":35,"column":22},"end":{"line":35,"column":null}},"11":{"start":{"line":36,"column":2},"end":{"line":36,"column":null}},"12":{"start":{"line":38,"column":28},"end":{"line":38,"column":null}},"13":{"start":{"line":39,"column":20},"end":{"line":39,"column":null}},"14":{"start":{"line":41,"column":57},"end":{"line":53,"column":null}},"15":{"start":{"line":44,"column":53},"end":{"line":51,"column":null}},"16":{"start":{"line":55,"column":15},"end":{"line":55,"column":null}},"17":{"start":{"line":57,"column":2},"end":{"line":59,"column":null}},"18":{"start":{"line":58,"column":4},"end":{"line":58,"column":null}},"19":{"start":{"line":62,"column":18},"end":{"line":62,"column":null}},"20":{"start":{"line":63,"column":4},"end":{"line":63,"column":null}},"21":{"start":{"line":63,"column":24},"end":{"line":63,"column":null}},"22":{"start":{"line":64,"column":4},"end":{"line":64,"column":null}},"23":{"start":{"line":65,"column":4},"end":{"line":65,"column":null}},"24":{"start":{"line":95,"column":18},"end":{"line":96,"column":null}},"25":{"start":{"line":98,"column":35},"end":{"line":98,"column":null}},"26":{"start":{"line":110,"column":25},"end":{"line":112,"column":null}},"27":{"start":{"line":111,"column":27},"end":{"line":111,"column":null}},"28":{"start":{"line":113,"column":27},"end":{"line":113,"column":null}},"29":{"start":{"line":114,"column":12},"end":{"line":116,"column":null}},"30":{"start":{"line":149,"column":10},"end":{"line":149,"column":null}},"31":{"start":{"line":150,"column":10},"end":{"line":150,"column":null}},"32":{"start":{"line":156,"column":27},"end":{"line":156,"column":null}},"33":{"start":{"line":158,"column":12},"end":{"line":166,"column":null}},"34":{"start":{"line":164,"column":14},"end":{"line":164,"column":null}},"35":{"start":{"line":165,"column":14},"end":{"line":165,"column":null}},"36":{"start":{"line":173,"column":79},"end":{"line":173,"column":87}}},"fnMap":{"0":{"name":"AssistantChat","decl":{"start":{"line":22,"column":16},"end":{"line":22,"column":30}},"loc":{"start":{"line":30,"column":21},"end":{"line":184,"column":null}}},"1":{"name":"(anonymous_2)","decl":{"start":{"line":44,"column":34},"end":{"line":44,"column":35}},"loc":{"start":{"line":44,"column":53},"end":{"line":51,"column":null}}},"2":{"name":"(anonymous_3)","decl":{"start":{"line":57,"column":12},"end":{"line":57,"column":null}},"loc":{"start":{"line":57,"column":12},"end":{"line":59,"column":5}}},"3":{"name":"submit","decl":{"start":{"line":61,"column":11},"end":{"line":61,"column":18}},"loc":{"start":{"line":61,"column":30},"end":{"line":66,"column":null}}},"4":{"name":"(anonymous_5)","decl":{"start":{"line":94,"column":33},"end":{"line":94,"column":34}},"loc":{"start":{"line":95,"column":18},"end":{"line":96,"column":null}}},"5":{"name":"(anonymous_6)","decl":{"start":{"line":98,"column":29},"end":{"line":98,"column":35}},"loc":{"start":{"line":98,"column":35},"end":{"line":98,"column":null}}},"6":{"name":"(anonymous_7)","decl":{"start":{"line":109,"column":24},"end":{"line":109,"column":25}},"loc":{"start":{"line":109,"column":25},"end":{"line":137,"column":null}}},"7":{"name":"(anonymous_8)","decl":{"start":{"line":111,"column":19},"end":{"line":111,"column":20}},"loc":{"start":{"line":111,"column":27},"end":{"line":111,"column":null}}},"8":{"name":"(anonymous_9)","decl":{"start":{"line":148,"column":18},"end":{"line":148,"column":19}},"loc":{"start":{"line":148,"column":19},"end":{"line":151,"column":null}}},"9":{"name":"(anonymous_10)","decl":{"start":{"line":156,"column":20},"end":{"line":156,"column":21}},"loc":{"start":{"line":156,"column":27},"end":{"line":156,"column":null}}},"10":{"name":"(anonymous_11)","decl":{"start":{"line":157,"column":21},"end":{"line":157,"column":22}},"loc":{"start":{"line":157,"column":22},"end":{"line":167,"column":null}}},"11":{"name":"(anonymous_12)","decl":{"start":{"line":173,"column":73},"end":{"line":173,"column":79}},"loc":{"start":{"line":173,"column":79},"end":{"line":173,"column":87}}}},"branchMap":{"0":{"loc":{"start":{"line":55,"column":15},"end":{"line":55,"column":null}},"type":"binary-expr","locations":[{"start":{"line":55,"column":15},"end":{"line":55,"column":41}},{"start":{"line":55,"column":41},"end":{"line":55,"column":null}}]},"1":{"loc":{"start":{"line":63,"column":4},"end":{"line":63,"column":null}},"type":"if","locations":[{"start":{"line":63,"column":4},"end":{"line":63,"column":null}}]},"2":{"loc":{"start":{"line":63,"column":8},"end":{"line":63,"column":24}},"type":"binary-expr","locations":[{"start":{"line":63,"column":8},"end":{"line":63,"column":18}},{"start":{"line":63,"column":18},"end":{"line":63,"column":24}}]},"3":{"loc":{"start":{"line":86,"column":11},"end":{"line":86,"column":null}},"type":"binary-expr","locations":[{"start":{"line":86,"column":11},"end":{"line":86,"column":null}}]},"4":{"loc":{"start":{"line":89,"column":17},"end":{"line":91,"column":null}},"type":"cond-expr","locations":[{"start":{"line":90,"column":20},"end":{"line":90,"column":null}},{"start":{"line":91,"column":20},"end":{"line":91,"column":null}}]},"5":{"loc":{"start":{"line":111,"column":27},"end":{"line":111,"column":null}},"type":"cond-expr","locations":[{"start":{"line":111,"column":47},"end":{"line":111,"column":53}},{"start":{"line":111,"column":56},"end":{"line":111,"column":null}}]},"6":{"loc":{"start":{"line":117,"column":38},"end":{"line":117,"column":null}},"type":"cond-expr","locations":[{"start":{"line":117,"column":47},"end":{"line":117,"column":63}},{"start":{"line":117,"column":63},"end":{"line":117,"column":null}}]},"7":{"loc":{"start":{"line":122,"column":20},"end":{"line":124,"column":null}},"type":"cond-expr","locations":[{"start":{"line":123,"column":24},"end":{"line":123,"column":null}},{"start":{"line":124,"column":24},"end":{"line":124,"column":null}}]},"8":{"loc":{"start":{"line":127,"column":19},"end":{"line":127,"column":null}},"type":"binary-expr","locations":[{"start":{"line":127,"column":19},"end":{"line":127,"column":null}}]},"9":{"loc":{"start":{"line":139,"column":11},"end":{"line":139,"column":null}},"type":"binary-expr","locations":[{"start":{"line":139,"column":11},"end":{"line":139,"column":null}}]},"10":{"loc":{"start":{"line":158,"column":12},"end":{"line":166,"column":null}},"type":"if","locations":[{"start":{"line":158,"column":12},"end":{"line":166,"column":null}}]},"11":{"loc":{"start":{"line":159,"column":14},"end":{"line":162,"column":null}},"type":"binary-expr","locations":[{"start":{"line":159,"column":14},"end":{"line":159,"column":null}},{"start":{"line":160,"column":14},"end":{"line":160,"column":25}},{"start":{"line":161,"column":14},"end":{"line":161,"column":40}},{"start":{"line":162,"column":14},"end":{"line":162,"column":null}}]},"12":{"loc":{"start":{"line":168,"column":23},"end":{"line":168,"column":null}},"type":"cond-expr","locations":[{"start":{"line":168,"column":40},"end":{"line":168,"column":72}},{"start":{"line":168,"column":72},"end":{"line":168,"column":null}}]},"13":{"loc":{"start":{"line":173,"column":10},"end":{"line":177,"column":11}},"type":"cond-expr","locations":[{"start":{"line":173,"column":10},"end":{"line":177,"column":11}}]}},"s":{"0":0,"1":0,"2":0,"3":0,"4":0,"5":0,"6":0,"7":0,"8":0,"9":0,"10":0,"11":0,"12":0,"13":0,"14":0,"15":0,"16":0,"17":0,"18":0,"19":0,"20":0,"21":0,"22":0,"23":0,"24":0,"25":0,"26":0,"27":0,"28":0,"29":0,"30":0,"31":0,"32":0,"33":0,"34":0,"35":0,"36":0},"f":{"0":0,"1":0,"2":0,"3":0,"4":0,"5":0,"6":0,"7":0,"8":0,"9":0,"10":0,"11":0},"b":{"0":[0,0],"1":[0],"2":[0,0],"3":[0],"4":[0,0],"5":[0,0],"6":[0,0],"7":[0,0],"8":[0],"9":[0],"10":[0],"11":[0,0,0,0],"12":[0,0],"13":[0]}}
,"/vercel/share/v0-project/components/fan/fan-experience.tsx": {"path":"/vercel/share/v0-project/components/fan/fan-experience.tsx","statementMap":{"0":{"start":{"line":20,"column":16},"end":{"line":20,"column":30}},"1":{"start":{"line":3,"column":34},"end":{"line":3,"column":null}},"2":{"start":{"line":4,"column":26},"end":{"line":4,"column":null}},"3":{"start":{"line":5,"column":29},"end":{"line":5,"column":null}},"4":{"start":{"line":6,"column":30},"end":{"line":6,"column":null}},"5":{"start":{"line":7,"column":23},"end":{"line":7,"column":null}},"6":{"start":{"line":9,"column":30},"end":{"line":9,"column":null}},"7":{"start":{"line":10,"column":26},"end":{"line":10,"column":null}},"8":{"start":{"line":11,"column":22},"end":{"line":11,"column":null}},"9":{"start":{"line":13,"column":24},"end":{"line":18,"column":null}},"10":{"start":{"line":21,"column":34},"end":{"line":21,"column":null}},"11":{"start":{"line":22,"column":19},"end":{"line":22,"column":null}},"12":{"start":{"line":22,"column":33},"end":{"line":22,"column":55}},"13":{"start":{"line":42,"column":14},"end":{"line":43,"column":null}},"14":{"start":{"line":46,"column":31},"end":{"line":46,"column":null}}},"fnMap":{"0":{"name":"FanExperience","decl":{"start":{"line":20,"column":16},"end":{"line":20,"column":30}},"loc":{"start":{"line":20,"column":57},"end":{"line":71,"column":null}}},"1":{"name":"(anonymous_2)","decl":{"start":{"line":22,"column":27},"end":{"line":22,"column":33}},"loc":{"start":{"line":22,"column":33},"end":{"line":22,"column":55}}},"2":{"name":"(anonymous_3)","decl":{"start":{"line":41,"column":27},"end":{"line":41,"column":28}},"loc":{"start":{"line":42,"column":14},"end":{"line":43,"column":null}}},"3":{"name":"(anonymous_4)","decl":{"start":{"line":46,"column":25},"end":{"line":46,"column":31}},"loc":{"start":{"line":46,"column":31},"end":{"line":46,"column":null}}}},"branchMap":{"0":{"loc":{"start":{"line":45,"column":25},"end":{"line":45,"column":null}},"type":"cond-expr","locations":[{"start":{"line":45,"column":45},"end":{"line":45,"column":57}},{"start":{"line":45,"column":57},"end":{"line":45,"column":null}}]}},"s":{"0":0,"1":0,"2":0,"3":0,"4":0,"5":0,"6":0,"7":0,"8":0,"9":0,"10":0,"11":0,"12":0,"13":0,"14":0},"f":{"0":0,"1":0,"2":0,"3":0},"b":{"0":[0,0]}}
,"/vercel/share/v0-project/components/fan/match-card.tsx": {"path":"/vercel/share/v0-project/components/fan/match-card.tsx","statementMap":{"0":{"start":{"line":8,"column":16},"end":{"line":8,"column":26}},"1":{"start":{"line":3,"column":18},"end":{"line":3,"column":null}},"2":{"start":{"line":4,"column":21},"end":{"line":4,"column":null}},"3":{"start":{"line":5,"column":22},"end":{"line":5,"column":null}},"4":{"start":{"line":9,"column":18},"end":{"line":9,"column":null}},"5":{"start":{"line":10,"column":20},"end":{"line":10,"column":null}}},"fnMap":{"0":{"name":"MatchCard","decl":{"start":{"line":8,"column":16},"end":{"line":8,"column":26}},"loc":{"start":{"line":8,"column":53},"end":{"line":45,"column":null}}},"1":{"name":"Stat","decl":{"start":{"line":47,"column":9},"end":{"line":47,"column":14}},"loc":{"start":{"line":47,"column":64},"end":{"line":54,"column":null}}}},"branchMap":{},"s":{"0":0,"1":0,"2":0,"3":0,"4":0,"5":0},"f":{"0":0,"1":0},"b":{}}
,"/vercel/share/v0-project/components/fan/services-grid.tsx": {"path":"/vercel/share/v0-project/components/fan/services-grid.tsx","statementMap":{"0":{"start":{"line":31,"column":16},"end":{"line":31,"column":29}},"1":{"start":{"line":3,"column":21},"end":{"line":3,"column":null}},"2":{"start":{"line":4,"column":22},"end":{"line":4,"column":null}},"3":{"start":{"line":5,"column":25},"end":{"line":5,"column":null}},"4":{"start":{"line":7,"column":27},"end":{"line":7,"column":null}},"5":{"start":{"line":8,"column":33},"end":{"line":8,"column":null}},"6":{"start":{"line":9,"column":19},"end":{"line":9,"column":null}},"7":{"start":{"line":19,"column":7},"end":{"line":19,"column":null}},"8":{"start":{"line":21,"column":47},"end":{"line":29,"column":null}},"9":{"start":{"line":33,"column":16},"end":{"line":35,"column":null}},"10":{"start":{"line":34,"column":19},"end":{"line":34,"column":null}},"11":{"start":{"line":35,"column":20},"end":{"line":35,"column":41}},"12":{"start":{"line":51,"column":23},"end":{"line":51,"column":53}},"13":{"start":{"line":52,"column":25},"end":{"line":52,"column":null}},"14":{"start":{"line":53,"column":23},"end":{"line":53,"column":47}},"15":{"start":{"line":54,"column":10},"end":{"line":55,"column":32}}},"fnMap":{"0":{"name":"ServicesGrid","decl":{"start":{"line":31,"column":16},"end":{"line":31,"column":29}},"loc":{"start":{"line":31,"column":56},"end":{"line":99,"column":null}}},"1":{"name":"(anonymous_2)","decl":{"start":{"line":34,"column":12},"end":{"line":34,"column":13}},"loc":{"start":{"line":34,"column":19},"end":{"line":34,"column":null}}},"2":{"name":"(anonymous_3)","decl":{"start":{"line":35,"column":10},"end":{"line":35,"column":11}},"loc":{"start":{"line":35,"column":20},"end":{"line":35,"column":41}}},"3":{"name":"(anonymous_4)","decl":{"start":{"line":50,"column":19},"end":{"line":50,"column":20}},"loc":{"start":{"line":50,"column":20},"end":{"line":95,"column":null}}}},"branchMap":{"0":{"loc":{"start":{"line":34,"column":19},"end":{"line":34,"column":null}},"type":"binary-expr","locations":[{"start":{"line":34,"column":19},"end":{"line":34,"column":45}},{"start":{"line":34,"column":45},"end":{"line":34,"column":null}}]},"1":{"loc":{"start":{"line":51,"column":23},"end":{"line":51,"column":53}},"type":"binary-expr","locations":[{"start":{"line":51,"column":23},"end":{"line":51,"column":41}},{"start":{"line":51,"column":45},"end":{"line":51,"column":53}}]},"2":{"loc":{"start":{"line":69,"column":23},"end":{"line":69,"column":38}},"type":"binary-expr","locations":[{"start":{"line":69,"column":23},"end":{"line":69,"column":38}}]},"3":{"loc":{"start":{"line":90,"column":19},"end":{"line":90,"column":null}},"type":"cond-expr","locations":[{"start":{"line":90,"column":38},"end":{"line":90,"column":59}},{"start":{"line":90,"column":62},"end":{"line":90,"column":null}}]}},"s":{"0":0,"1":0,"2":0,"3":0,"4":0,"5":0,"6":0,"7":0,"8":0,"9":0,"10":0,"11":0,"12":0,"13":0,"14":0,"15":0},"f":{"0":0,"1":0,"2":0,"3":0},"b":{"0":[0,0],"1":[0,0],"2":[0],"3":[0,0]}}
,"/vercel/share/v0-project/components/ops/ai-briefing.tsx": {"path":"/vercel/share/v0-project/components/ops/ai-briefing.tsx","statementMap":{"0":{"start":{"line":52,"column":16},"end":{"line":52,"column":27}},"1":{"start":{"line":3,"column":57},"end":{"line":3,"column":null}},"2":{"start":{"line":13,"column":7},"end":{"line":13,"column":null}},"3":{"start":{"line":14,"column":74},"end":{"line":14,"column":null}},"4":{"start":{"line":15,"column":23},"end":{"line":15,"column":null}},"5":{"start":{"line":16,"column":19},"end":{"line":16,"column":null}},"6":{"start":{"line":34,"column":83},"end":{"line":39,"column":null}},"7":{"start":{"line":41,"column":17},"end":{"line":48,"column":null}},"8":{"start":{"line":50,"column":16},"end":{"line":50,"column":null}},"9":{"start":{"line":53,"column":22},"end":{"line":53,"column":null}},"10":{"start":{"line":54,"column":2},"end":{"line":54,"column":null}},"11":{"start":{"line":55,"column":34},"end":{"line":55,"column":null}},"12":{"start":{"line":56,"column":32},"end":{"line":56,"column":null}},"13":{"start":{"line":57,"column":28},"end":{"line":57,"column":null}},"14":{"start":{"line":59,"column":19},"end":{"line":75,"column":null}},"15":{"start":{"line":60,"column":4},"end":{"line":60,"column":null}},"16":{"start":{"line":61,"column":4},"end":{"line":61,"column":null}},"17":{"start":{"line":62,"column":4},"end":{"line":74,"column":null}},"18":{"start":{"line":63,"column":18},"end":{"line":67,"column":null}},"19":{"start":{"line":68,"column":6},"end":{"line":68,"column":null}},"20":{"start":{"line":68,"column":19},"end":{"line":68,"column":null}},"21":{"start":{"line":69,"column":6},"end":{"line":69,"column":null}},"22":{"start":{"line":71,"column":6},"end":{"line":71,"column":null}},"23":{"start":{"line":73,"column":6},"end":{"line":73,"column":null}},"24":{"start":{"line":78,"column":2},"end":{"line":80,"column":null}},"25":{"start":{"line":79,"column":4},"end":{"line":79,"column":null}},"26":{"start":{"line":107,"column":14},"end":{"line":107,"column":27}},"27":{"start":{"line":134,"column":29},"end":{"line":134,"column":64}},"28":{"start":{"line":135,"column":16},"end":{"line":136,"column":30}}},"fnMap":{"0":{"name":"AiBriefing","decl":{"start":{"line":52,"column":16},"end":{"line":52,"column":27}},"loc":{"start":{"line":52,"column":94},"end":{"line":168,"column":null}}},"1":{"name":"(anonymous_2)","decl":{"start":{"line":59,"column":31},"end":{"line":59,"column":null}},"loc":{"start":{"line":59,"column":31},"end":{"line":75,"column":5}}},"2":{"name":"(anonymous_3)","decl":{"start":{"line":78,"column":12},"end":{"line":78,"column":null}},"loc":{"start":{"line":78,"column":12},"end":{"line":80,"column":5}}},"3":{"name":"(anonymous_4)","decl":{"start":{"line":106,"column":27},"end":{"line":106,"column":28}},"loc":{"start":{"line":107,"column":14},"end":{"line":107,"column":27}}},"4":{"name":"(anonymous_5)","decl":{"start":{"line":133,"column":39},"end":{"line":133,"column":40}},"loc":{"start":{"line":133,"column":43},"end":{"line":152,"column":null}}}},"branchMap":{"0":{"loc":{"start":{"line":68,"column":6},"end":{"line":68,"column":null}},"type":"if","locations":[{"start":{"line":68,"column":6},"end":{"line":68,"column":null}}]},"1":{"loc":{"start":{"line":99,"column":47},"end":{"line":99,"column":null}},"type":"binary-expr","locations":[{"start":{"line":99,"column":47},"end":{"line":99,"column":58}},{"start":{"line":99,"column":58},"end":{"line":99,"column":null}}]},"2":{"loc":{"start":{"line":100,"column":11},"end":{"line":100,"column":null}},"type":"cond-expr","locations":[{"start":{"line":100,"column":21},"end":{"line":100,"column":35}},{"start":{"line":100,"column":35},"end":{"line":100,"column":null}}]},"3":{"loc":{"start":{"line":104,"column":9},"end":{"line":104,"column":20}},"type":"binary-expr","locations":[{"start":{"line":104,"column":9},"end":{"line":104,"column":20}},{"start":{"line":104,"column":20},"end":{"line":104,"column":null}}]},"4":{"loc":{"start":{"line":112,"column":9},"end":{"line":112,"column":null}},"type":"binary-expr","locations":[{"start":{"line":112,"column":9},"end":{"line":112,"column":null}}]},"5":{"loc":{"start":{"line":118,"column":9},"end":{"line":118,"column":null}},"type":"binary-expr","locations":[{"start":{"line":118,"column":9},"end":{"line":118,"column":null}}]},"6":{"loc":{"start":{"line":134,"column":29},"end":{"line":134,"column":64}},"type":"binary-expr","locations":[{"start":{"line":134,"column":29},"end":{"line":134,"column":49}},{"start":{"line":134,"column":53},"end":{"line":134,"column":64}}]}},"s":{"0":0,"1":0,"2":0,"3":0,"4":0,"5":0,"6":0,"7":0,"8":0,"9":0,"10":0,"11":0,"12":0,"13":0,"14":0,"15":0,"16":0,"17":0,"18":0,"19":0,"20":0,"21":0,"22":0,"23":0,"24":0,"25":0,"26":0,"27":0,"28":0},"f":{"0":0,"1":0,"2":0,"3":0,"4":0},"b":{"0":[0],"1":[0,0],"2":[0,0],"3":[0,0],"4":[0],"5":[0],"6":[0,0]}}
,"/vercel/share/v0-project/components/ops/incident-feed.tsx": {"path":"/vercel/share/v0-project/components/ops/incident-feed.tsx","statementMap":{"0":{"start":{"line":35,"column":16},"end":{"line":35,"column":29}},"1":{"start":{"line":12,"column":7},"end":{"line":12,"column":null}},"2":{"start":{"line":13,"column":74},"end":{"line":13,"column":null}},"3":{"start":{"line":14,"column":23},"end":{"line":14,"column":null}},"4":{"start":{"line":15,"column":19},"end":{"line":15,"column":null}},"5":{"start":{"line":16,"column":55},"end":{"line":16,"column":null}},"6":{"start":{"line":19,"column":53},"end":{"line":26,"column":null}},"7":{"start":{"line":28,"column":57},"end":{"line":33,"column":null}},"8":{"start":{"line":44,"column":17},"end":{"line":47,"column":null}},"9":{"start":{"line":45,"column":17},"end":{"line":45,"column":null}},"10":{"start":{"line":46,"column":4},"end":{"line":46,"column":null}},"11":{"start":{"line":48,"column":15},"end":{"line":48,"column":70}},"12":{"start":{"line":48,"column":39},"end":{"line":48,"column":64}},"13":{"start":{"line":61,"column":23},"end":{"line":61,"column":43}},"14":{"start":{"line":62,"column":22},"end":{"line":62,"column":54}},"15":{"start":{"line":63,"column":27},"end":{"line":63,"column":null}},"16":{"start":{"line":64,"column":10},"end":{"line":66,"column":null}},"17":{"start":{"line":92,"column":106},"end":{"line":92,"column":131}},"18":{"start":{"line":96,"column":102},"end":{"line":96,"column":null}}},"fnMap":{"0":{"name":"IncidentFeed","decl":{"start":{"line":35,"column":16},"end":{"line":35,"column":29}},"loc":{"start":{"line":43,"column":1},"end":{"line":111,"column":null}}},"1":{"name":"(anonymous_2)","decl":{"start":{"line":44,"column":37},"end":{"line":44,"column":38}},"loc":{"start":{"line":44,"column":41},"end":{"line":47,"column":null}}},"2":{"name":"(anonymous_3)","decl":{"start":{"line":48,"column":32},"end":{"line":48,"column":33}},"loc":{"start":{"line":48,"column":39},"end":{"line":48,"column":64}}},"3":{"name":"(anonymous_4)","decl":{"start":{"line":60,"column":20},"end":{"line":60,"column":21}},"loc":{"start":{"line":60,"column":21},"end":{"line":107,"column":null}}},"4":{"name":"(anonymous_5)","decl":{"start":{"line":92,"column":100},"end":{"line":92,"column":106}},"loc":{"start":{"line":92,"column":106},"end":{"line":92,"column":131}}},"5":{"name":"(anonymous_6)","decl":{"start":{"line":96,"column":96},"end":{"line":96,"column":102}},"loc":{"start":{"line":96,"column":102},"end":{"line":96,"column":null}}}},"branchMap":{"0":{"loc":{"start":{"line":69,"column":16},"end":{"line":69,"column":null}},"type":"binary-expr","locations":[{"start":{"line":69,"column":16},"end":{"line":69,"column":28}},{"start":{"line":69,"column":28},"end":{"line":69,"column":null}}]},"1":{"loc":{"start":{"line":89,"column":21},"end":{"line":89,"column":null}},"type":"binary-expr","locations":[{"start":{"line":89,"column":21},"end":{"line":89,"column":null}}]},"2":{"loc":{"start":{"line":91,"column":25},"end":{"line":91,"column":null}},"type":"binary-expr","locations":[{"start":{"line":91,"column":25},"end":{"line":91,"column":null}}]}},"s":{"0":0,"1":0,"2":0,"3":0,"4":0,"5":0,"6":0,"7":0,"8":0,"9":0,"10":0,"11":0,"12":0,"13":0,"14":0,"15":0,"16":0,"17":0,"18":0},"f":{"0":0,"1":0,"2":0,"3":0,"4":0,"5":0},"b":{"0":[0,0],"1":[0],"2":[0]}}
,"/vercel/share/v0-project/components/ops/ops-dashboard.tsx": {"path":"/vercel/share/v0-project/components/ops/ops-dashboard.tsx","statementMap":{"0":{"start":{"line":21,"column":16},"end":{"line":21,"column":29}},"1":{"start":{"line":3,"column":30},"end":{"line":3,"column":null}},"2":{"start":{"line":4,"column":27},"end":{"line":4,"column":null}},"3":{"start":{"line":5,"column":28},"end":{"line":5,"column":null}},"4":{"start":{"line":6,"column":29},"end":{"line":6,"column":null}},"5":{"start":{"line":7,"column":31},"end":{"line":7,"column":null}},"6":{"start":{"line":8,"column":35},"end":{"line":8,"column":null}},"7":{"start":{"line":9,"column":27},"end":{"line":9,"column":null}},"8":{"start":{"line":10,"column":30},"end":{"line":10,"column":null}},"9":{"start":{"line":14,"column":24},"end":{"line":19,"column":null}},"10":{"start":{"line":32,"column":19},"end":{"line":32,"column":null}}},"fnMap":{"0":{"name":"OpsDashboard","decl":{"start":{"line":21,"column":16},"end":{"line":21,"column":29}},"loc":{"start":{"line":31,"column":1},"end":{"line":79,"column":null}}}},"branchMap":{},"s":{"0":0,"1":0,"2":0,"3":0,"4":0,"5":0,"6":0,"7":0,"8":0,"9":0,"10":0},"f":{"0":0},"b":{}}
,"/vercel/share/v0-project/components/ops/ops-metrics.tsx": {"path":"/vercel/share/v0-project/components/ops/ops-metrics.tsx","statementMap":{"0":{"start":{"line":46,"column":16},"end":{"line":46,"column":27}},"1":{"start":{"line":3,"column":72},"end":{"line":3,"column":null}},"2":{"start":{"line":4,"column":21},"end":{"line":4,"column":null}},"3":{"start":{"line":5,"column":19},"end":{"line":5,"column":null}},"4":{"start":{"line":9,"column":2},"end":{"line":9,"column":null}},"5":{"start":{"line":9,"column":15},"end":{"line":9,"column":null}},"6":{"start":{"line":10,"column":2},"end":{"line":10,"column":null}},"7":{"start":{"line":10,"column":15},"end":{"line":10,"column":null}},"8":{"start":{"line":11,"column":2},"end":{"line":11,"column":null}},"9":{"start":{"line":11,"column":15},"end":{"line":11,"column":null}},"10":{"start":{"line":12,"column":2},"end":{"line":12,"column":null}},"11":{"start":{"line":28,"column":20},"end":{"line":33,"column":9}},"12":{"start":{"line":47,"column":12},"end":{"line":47,"column":null}}},"fnMap":{"0":{"name":"pressureMeta","decl":{"start":{"line":8,"column":9},"end":{"line":8,"column":22}},"loc":{"start":{"line":8,"column":31},"end":{"line":13,"column":null}}},"1":{"name":"Metric","decl":{"start":{"line":15,"column":9},"end":{"line":15,"column":16}},"loc":{"start":{"line":27,"column":1},"end":{"line":44,"column":null}}},"2":{"name":"OpsMetrics","decl":{"start":{"line":46,"column":16},"end":{"line":46,"column":27}},"loc":{"start":{"line":46,"column":64},"end":{"line":103,"column":null}}}},"branchMap":{"0":{"loc":{"start":{"line":9,"column":2},"end":{"line":9,"column":null}},"type":"if","locations":[{"start":{"line":9,"column":2},"end":{"line":9,"column":null}}]},"1":{"loc":{"start":{"line":10,"column":2},"end":{"line":10,"column":null}},"type":"if","locations":[{"start":{"line":10,"column":2},"end":{"line":10,"column":null}}]},"2":{"loc":{"start":{"line":11,"column":2},"end":{"line":11,"column":null}},"type":"if","locations":[{"start":{"line":11,"column":2},"end":{"line":11,"column":null}}]},"3":{"loc":{"start":{"line":20,"column":2},"end":{"line":20,"column":18}},"type":"default-arg","locations":[{"start":{"line":20,"column":9},"end":{"line":20,"column":18}}]},"4":{"loc":{"start":{"line":41,"column":7},"end":{"line":41,"column":15}},"type":"binary-expr","locations":[{"start":{"line":41,"column":7},"end":{"line":41,"column":15}}]},"5":{"loc":{"start":{"line":79,"column":14},"end":{"line":79,"column":null}},"type":"cond-expr","locations":[{"start":{"line":79,"column":44},"end":{"line":79,"column":52}},{"start":{"line":79,"column":52},"end":{"line":79,"column":null}}]},"6":{"loc":{"start":{"line":79,"column":52},"end":{"line":79,"column":null}},"type":"cond-expr","locations":[{"start":{"line":79,"column":82},"end":{"line":79,"column":91}},{"start":{"line":79,"column":91},"end":{"line":79,"column":null}}]},"7":{"loc":{"start":{"line":86,"column":14},"end":{"line":86,"column":null}},"type":"cond-expr","locations":[{"start":{"line":86,"column":42},"end":{"line":86,"column":50}},{"start":{"line":86,"column":50},"end":{"line":86,"column":null}}]},"8":{"loc":{"start":{"line":86,"column":50},"end":{"line":86,"column":null}},"type":"cond-expr","locations":[{"start":{"line":86,"column":74},"end":{"line":86,"column":83}},{"start":{"line":86,"column":83},"end":{"line":86,"column":null}}]},"9":{"loc":{"start":{"line":93,"column":14},"end":{"line":93,"column":null}},"type":"cond-expr","locations":[{"start":{"line":93,"column":41},"end":{"line":93,"column":49}},{"start":{"line":93,"column":49},"end":{"line":93,"column":null}}]},"10":{"loc":{"start":{"line":93,"column":49},"end":{"line":93,"column":null}},"type":"cond-expr","locations":[{"start":{"line":93,"column":76},"end":{"line":93,"column":85}},{"start":{"line":93,"column":85},"end":{"line":93,"column":null}}]}},"s":{"0":0,"1":0,"2":0,"3":0,"4":0,"5":0,"6":0,"7":0,"8":0,"9":0,"10":0,"11":0,"12":0},"f":{"0":0,"1":0,"2":0},"b":{"0":[0],"1":[0],"2":[0],"3":[0],"4":[0],"5":[0,0],"6":[0,0],"7":[0,0],"8":[0,0],"9":[0,0],"10":[0,0]}}
,"/vercel/share/v0-project/components/ops/sustainability-card.tsx": {"path":"/vercel/share/v0-project/components/ops/sustainability-card.tsx","statementMap":{"0":{"start":{"line":40,"column":16},"end":{"line":40,"column":35}},"1":{"start":{"line":3,"column":54},"end":{"line":3,"column":null}},"2":{"start":{"line":4,"column":74},"end":{"line":4,"column":null}},"3":{"start":{"line":5,"column":19},"end":{"line":5,"column":null}}},"fnMap":{"0":{"name":"Row","decl":{"start":{"line":8,"column":9},"end":{"line":8,"column":13}},"loc":{"start":{"line":20,"column":1},"end":{"line":38,"column":null}}},"1":{"name":"SustainabilityCard","decl":{"start":{"line":40,"column":16},"end":{"line":40,"column":35}},"loc":{"start":{"line":40,"column":69},"end":{"line":59,"column":null}}}},"branchMap":{"0":{"loc":{"start":{"line":28,"column":7},"end":{"line":28,"column":null}},"type":"binary-expr","locations":[{"start":{"line":28,"column":7},"end":{"line":28,"column":null}}]},"1":{"loc":{"start":{"line":31,"column":49},"end":{"line":31,"column":null}},"type":"cond-expr","locations":[{"start":{"line":31,"column":56},"end":{"line":31,"column":71}},{"start":{"line":31,"column":71},"end":{"line":31,"column":null}}]}},"s":{"0":0,"1":0,"2":0,"3":0},"f":{"0":0,"1":0},"b":{"0":[0],"1":[0,0]}}
,"/vercel/share/v0-project/components/ops/transport-board.tsx": {"path":"/vercel/share/v0-project/components/ops/transport-board.tsx","statementMap":{"0":{"start":{"line":17,"column":16},"end":{"line":17,"column":31}},"1":{"start":{"line":3,"column":63},"end":{"line":3,"column":null}},"2":{"start":{"line":4,"column":74},"end":{"line":4,"column":null}},"3":{"start":{"line":5,"column":19},"end":{"line":5,"column":null}},"4":{"start":{"line":6,"column":38},"end":{"line":6,"column":null}},"5":{"start":{"line":9,"column":18},"end":{"line":15,"column":null}},"6":{"start":{"line":26,"column":23},"end":{"line":26,"column":40}},"7":{"start":{"line":27,"column":23},"end":{"line":27,"column":54}},"8":{"start":{"line":28,"column":10},"end":{"line":29,"column":28}}},"fnMap":{"0":{"name":"TransportBoard","decl":{"start":{"line":17,"column":16},"end":{"line":17,"column":31}},"loc":{"start":{"line":17,"column":78},"end":{"line":58,"column":null}}},"1":{"name":"(anonymous_2)","decl":{"start":{"line":25,"column":23},"end":{"line":25,"column":24}},"loc":{"start":{"line":25,"column":24},"end":{"line":54,"column":null}}}},"branchMap":{"0":{"loc":{"start":{"line":49,"column":19},"end":{"line":49,"column":56}},"type":"binary-expr","locations":[{"start":{"line":49,"column":19},"end":{"line":49,"column":35}},{"start":{"line":49,"column":35},"end":{"line":49,"column":56}}]}},"s":{"0":0,"1":0,"2":0,"3":0,"4":0,"5":0,"6":0,"7":0,"8":0},"f":{"0":0,"1":0},"b":{"0":[0,0]}}
,"/vercel/share/v0-project/components/ops/zone-heatmap.tsx": {"path":"/vercel/share/v0-project/components/ops/zone-heatmap.tsx","statementMap":{"0":{"start":{"line":24,"column":16},"end":{"line":24,"column":28}},"1":{"start":{"line":3,"column":72},"end":{"line":3,"column":null}},"2":{"start":{"line":4,"column":74},"end":{"line":4,"column":null}},"3":{"start":{"line":5,"column":19},"end":{"line":5,"column":null}},"4":{"start":{"line":6,"column":50},"end":{"line":6,"column":null}},"5":{"start":{"line":7,"column":27},"end":{"line":7,"column":null}},"6":{"start":{"line":11,"column":17},"end":{"line":16,"column":null}},"7":{"start":{"line":36,"column":27},"end":{"line":36,"column":null}},"8":{"start":{"line":37,"column":25},"end":{"line":37,"column":49}},"9":{"start":{"line":38,"column":12},"end":{"line":40,"column":null}},"10":{"start":{"line":77,"column":12},"end":{"line":77,"column":26}}},"fnMap":{"0":{"name":"TrendIcon","decl":{"start":{"line":18,"column":9},"end":{"line":18,"column":19}},"loc":{"start":{"line":18,"column":46},"end":{"line":22,"column":null}}},"1":{"name":"ZoneHeatmap","decl":{"start":{"line":24,"column":16},"end":{"line":24,"column":28}},"loc":{"start":{"line":24,"column":56},"end":{"line":86,"column":null}}},"2":{"name":"(anonymous_3)","decl":{"start":{"line":35,"column":21},"end":{"line":35,"column":22}},"loc":{"start":{"line":35,"column":22},"end":{"line":73,"column":null}}},"3":{"name":"(anonymous_4)","decl":{"start":{"line":76,"column":68},"end":{"line":76,"column":69}},"loc":{"start":{"line":77,"column":12},"end":{"line":77,"column":26}}}},"branchMap":{"0":{"loc":{"start":{"line":52,"column":19},"end":{"line":52,"column":34}},"type":"binary-expr","locations":[{"start":{"line":52,"column":19},"end":{"line":52,"column":34}}]},"1":{"loc":{"start":{"line":62,"column":21},"end":{"line":62,"column":null}},"type":"cond-expr","locations":[{"start":{"line":62,"column":40},"end":{"line":62,"column":63}},{"start":{"line":62,"column":66},"end":{"line":62,"column":null}}]}},"s":{"0":0,"1":0,"2":0,"3":0,"4":0,"5":0,"6":0,"7":0,"8":0,"9":0,"10":0},"f":{"0":0,"1":0,"2":0,"3":0},"b":{"0":[0],"1":[0,0]}}
,"/vercel/share/v0-project/components/ui/avatar.tsx": {"path":"/vercel/share/v0-project/components/ui/avatar.tsx","statementMap":{"0":{"start":{"line":103,"column":2},"end":{"line":103,"column":null}},"1":{"start":{"line":108,"column":2},"end":{"line":108,"column":null}},"2":{"start":{"line":105,"column":2},"end":{"line":105,"column":null}},"3":{"start":{"line":106,"column":2},"end":{"line":106,"column":null}},"4":{"start":{"line":107,"column":2},"end":{"line":107,"column":null}},"5":{"start":{"line":104,"column":2},"end":{"line":104,"column":null}},"6":{"start":{"line":3,"column":23},"end":{"line":3,"column":null}},"7":{"start":{"line":4,"column":42},"end":{"line":4,"column":null}},"8":{"start":{"line":6,"column":19},"end":{"line":6,"column":null}}},"fnMap":{"0":{"name":"Avatar","decl":{"start":{"line":8,"column":9},"end":{"line":8,"column":16}},"loc":{"start":{"line":14,"column":1},"end":{"line":26,"column":null}}},"1":{"name":"AvatarImage","decl":{"start":{"line":28,"column":9},"end":{"line":28,"column":21}},"loc":{"start":{"line":28,"column":73},"end":{"line":39,"column":null}}},"2":{"name":"AvatarFallback","decl":{"start":{"line":41,"column":9},"end":{"line":41,"column":24}},"loc":{"start":{"line":44,"column":33},"end":{"line":55,"column":null}}},"3":{"name":"AvatarBadge","decl":{"start":{"line":57,"column":9},"end":{"line":57,"column":21}},"loc":{"start":{"line":57,"column":74},"end":{"line":71,"column":null}}},"4":{"name":"AvatarGroup","decl":{"start":{"line":73,"column":9},"end":{"line":73,"column":21}},"loc":{"start":{"line":73,"column":73},"end":{"line":84,"column":null}}},"5":{"name":"AvatarGroupCount","decl":{"start":{"line":86,"column":9},"end":{"line":86,"column":26}},"loc":{"start":{"line":89,"column":30},"end":{"line":100,"column":null}}}},"branchMap":{"0":{"loc":{"start":{"line":10,"column":2},"end":{"line":10,"column":18}},"type":"default-arg","locations":[{"start":{"line":10,"column":9},"end":{"line":10,"column":18}}]}},"s":{"0":0,"1":0,"2":0,"3":0,"4":0,"5":0,"6":0,"7":0,"8":0},"f":{"0":0,"1":0,"2":0,"3":0,"4":0,"5":0},"b":{"0":[0]}}
,"/vercel/share/v0-project/components/ui/badge.tsx": {"path":"/vercel/share/v0-project/components/ui/badge.tsx","statementMap":{"0":{"start":{"line":52,"column":9},"end":{"line":52,"column":16}},"1":{"start":{"line":52,"column":16},"end":{"line":52,"column":null}},"2":{"start":{"line":1,"column":27},"end":{"line":1,"column":null}},"3":{"start":{"line":2,"column":26},"end":{"line":2,"column":null}},"4":{"start":{"line":3,"column":39},"end":{"line":3,"column":null}},"5":{"start":{"line":5,"column":19},"end":{"line":5,"column":null}},"6":{"start":{"line":7,"column":22},"end":{"line":27,"column":null}},"7":{"start":{"line":36,"column":2},"end":{"line":49,"column":null}}},"fnMap":{"0":{"name":"Badge","decl":{"start":{"line":30,"column":9},"end":{"line":30,"column":15}},"loc":{"start":{"line":35,"column":72},"end":{"line":50,"column":null}}}},"branchMap":{"0":{"loc":{"start":{"line":32,"column":2},"end":{"line":32,"column":21}},"type":"default-arg","locations":[{"start":{"line":32,"column":12},"end":{"line":32,"column":21}}]}},"s":{"0":0,"1":0,"2":0,"3":0,"4":0,"5":0,"6":0,"7":0},"f":{"0":0},"b":{"0":[0]}}
,"/vercel/share/v0-project/components/ui/button.tsx": {"path":"/vercel/share/v0-project/components/ui/button.tsx","statementMap":{"0":{"start":{"line":58,"column":9},"end":{"line":58,"column":17}},"1":{"start":{"line":58,"column":17},"end":{"line":58,"column":null}},"2":{"start":{"line":1,"column":42},"end":{"line":1,"column":null}},"3":{"start":{"line":2,"column":39},"end":{"line":2,"column":null}},"4":{"start":{"line":4,"column":19},"end":{"line":4,"column":null}},"5":{"start":{"line":6,"column":23},"end":{"line":40,"column":null}}},"fnMap":{"0":{"name":"Button","decl":{"start":{"line":43,"column":9},"end":{"line":43,"column":16}},"loc":{"start":{"line":48,"column":62},"end":{"line":56,"column":null}}}},"branchMap":{"0":{"loc":{"start":{"line":45,"column":2},"end":{"line":45,"column":21}},"type":"default-arg","locations":[{"start":{"line":45,"column":12},"end":{"line":45,"column":21}}]},"1":{"loc":{"start":{"line":46,"column":2},"end":{"line":46,"column":18}},"type":"default-arg","locations":[{"start":{"line":46,"column":9},"end":{"line":46,"column":18}}]}},"s":{"0":0,"1":0,"2":0,"3":0,"4":0,"5":0},"f":{"0":0},"b":{"0":[0],"1":[0]}}
,"/vercel/share/v0-project/components/ui/card.tsx": {"path":"/vercel/share/v0-project/components/ui/card.tsx","statementMap":{"0":{"start":{"line":96,"column":2},"end":{"line":96,"column":null}},"1":{"start":{"line":100,"column":2},"end":{"line":100,"column":null}},"2":{"start":{"line":102,"column":2},"end":{"line":102,"column":null}},"3":{"start":{"line":101,"column":2},"end":{"line":101,"column":null}},"4":{"start":{"line":98,"column":2},"end":{"line":98,"column":null}},"5":{"start":{"line":97,"column":2},"end":{"line":97,"column":null}},"6":{"start":{"line":99,"column":2},"end":{"line":99,"column":null}},"7":{"start":{"line":1,"column":23},"end":{"line":1,"column":null}},"8":{"start":{"line":3,"column":19},"end":{"line":3,"column":null}}},"fnMap":{"0":{"name":"Card","decl":{"start":{"line":5,"column":9},"end":{"line":5,"column":14}},"loc":{"start":{"line":9,"column":60},"end":{"line":21,"column":null}}},"1":{"name":"CardHeader","decl":{"start":{"line":23,"column":9},"end":{"line":23,"column":20}},"loc":{"start":{"line":23,"column":72},"end":{"line":34,"column":null}}},"2":{"name":"CardTitle","decl":{"start":{"line":36,"column":9},"end":{"line":36,"column":19}},"loc":{"start":{"line":36,"column":71},"end":{"line":47,"column":null}}},"3":{"name":"CardDescription","decl":{"start":{"line":49,"column":9},"end":{"line":49,"column":25}},"loc":{"start":{"line":49,"column":77},"end":{"line":57,"column":null}}},"4":{"name":"CardAction","decl":{"start":{"line":59,"column":9},"end":{"line":59,"column":20}},"loc":{"start":{"line":59,"column":72},"end":{"line":70,"column":null}}},"5":{"name":"CardContent","decl":{"start":{"line":72,"column":9},"end":{"line":72,"column":21}},"loc":{"start":{"line":72,"column":73},"end":{"line":80,"column":null}}},"6":{"name":"CardFooter","decl":{"start":{"line":82,"column":9},"end":{"line":82,"column":20}},"loc":{"start":{"line":82,"column":72},"end":{"line":93,"column":null}}}},"branchMap":{"0":{"loc":{"start":{"line":7,"column":2},"end":{"line":7,"column":18}},"type":"default-arg","locations":[{"start":{"line":7,"column":9},"end":{"line":7,"column":18}}]}},"s":{"0":0,"1":0,"2":0,"3":0,"4":0,"5":0,"6":0,"7":0,"8":0},"f":{"0":0,"1":0,"2":0,"3":0,"4":0,"5":0,"6":0},"b":{"0":[0]}}
,"/vercel/share/v0-project/components/ui/input.tsx": {"path":"/vercel/share/v0-project/components/ui/input.tsx","statementMap":{"0":{"start":{"line":20,"column":9},"end":{"line":20,"column":null}},"1":{"start":{"line":1,"column":23},"end":{"line":1,"column":null}},"2":{"start":{"line":2,"column":40},"end":{"line":2,"column":null}},"3":{"start":{"line":4,"column":19},"end":{"line":4,"column":null}}},"fnMap":{"0":{"name":"Input","decl":{"start":{"line":6,"column":9},"end":{"line":6,"column":15}},"loc":{"start":{"line":6,"column":75},"end":{"line":18,"column":null}}}},"branchMap":{},"s":{"0":0,"1":0,"2":0,"3":0},"f":{"0":0},"b":{}}
,"/vercel/share/v0-project/components/ui/progress.tsx": {"path":"/vercel/share/v0-project/components/ui/progress.tsx","statementMap":{"0":{"start":{"line":78,"column":2},"end":{"line":78,"column":null}},"1":{"start":{"line":80,"column":2},"end":{"line":80,"column":null}},"2":{"start":{"line":81,"column":2},"end":{"line":81,"column":null}},"3":{"start":{"line":79,"column":2},"end":{"line":79,"column":null}},"4":{"start":{"line":82,"column":2},"end":{"line":82,"column":null}},"5":{"start":{"line":3,"column":46},"end":{"line":3,"column":null}},"6":{"start":{"line":5,"column":19},"end":{"line":5,"column":null}}},"fnMap":{"0":{"name":"Progress","decl":{"start":{"line":7,"column":9},"end":{"line":7,"column":18}},"loc":{"start":{"line":12,"column":31},"end":{"line":26,"column":null}}},"1":{"name":"ProgressTrack","decl":{"start":{"line":28,"column":9},"end":{"line":28,"column":23}},"loc":{"start":{"line":28,"column":77},"end":{"line":39,"column":null}}},"2":{"name":"ProgressIndicator","decl":{"start":{"line":41,"column":9},"end":{"line":41,"column":27}},"loc":{"start":{"line":44,"column":36},"end":{"line":52,"column":null}}},"3":{"name":"ProgressLabel","decl":{"start":{"line":54,"column":9},"end":{"line":54,"column":23}},"loc":{"start":{"line":54,"column":77},"end":{"line":62,"column":null}}},"4":{"name":"ProgressValue","decl":{"start":{"line":64,"column":9},"end":{"line":64,"column":23}},"loc":{"start":{"line":64,"column":77},"end":{"line":75,"column":null}}}},"branchMap":{},"s":{"0":0,"1":0,"2":0,"3":0,"4":0,"5":0,"6":0},"f":{"0":0,"1":0,"2":0,"3":0,"4":0},"b":{}}
,"/vercel/share/v0-project/components/ui/scroll-area.tsx": {"path":"/vercel/share/v0-project/components/ui/scroll-area.tsx","statementMap":{"0":{"start":{"line":55,"column":9},"end":{"line":55,"column":21}},"1":{"start":{"line":55,"column":21},"end":{"line":55,"column":null}},"2":{"start":{"line":3,"column":23},"end":{"line":3,"column":null}},"3":{"start":{"line":4,"column":50},"end":{"line":4,"column":null}},"4":{"start":{"line":6,"column":19},"end":{"line":6,"column":null}}},"fnMap":{"0":{"name":"ScrollArea","decl":{"start":{"line":8,"column":9},"end":{"line":8,"column":20}},"loc":{"start":{"line":12,"column":33},"end":{"line":29,"column":null}}},"1":{"name":"ScrollBar","decl":{"start":{"line":31,"column":9},"end":{"line":31,"column":19}},"loc":{"start":{"line":35,"column":38},"end":{"line":53,"column":null}}}},"branchMap":{"0":{"loc":{"start":{"line":33,"column":2},"end":{"line":33,"column":26}},"type":"default-arg","locations":[{"start":{"line":33,"column":16},"end":{"line":33,"column":26}}]}},"s":{"0":0,"1":0,"2":0,"3":0,"4":0},"f":{"0":0,"1":0},"b":{"0":[0]}}
,"/vercel/share/v0-project/components/ui/select.tsx": {"path":"/vercel/share/v0-project/components/ui/select.tsx","statementMap":{"0":{"start":{"line":191,"column":2},"end":{"line":191,"column":null}},"1":{"start":{"line":192,"column":2},"end":{"line":192,"column":null}},"2":{"start":{"line":193,"column":2},"end":{"line":193,"column":null}},"3":{"start":{"line":194,"column":2},"end":{"line":194,"column":null}},"4":{"start":{"line":195,"column":2},"end":{"line":195,"column":null}},"5":{"start":{"line":196,"column":2},"end":{"line":196,"column":null}},"6":{"start":{"line":197,"column":2},"end":{"line":197,"column":null}},"7":{"start":{"line":198,"column":2},"end":{"line":198,"column":null}},"8":{"start":{"line":199,"column":2},"end":{"line":199,"column":null}},"9":{"start":{"line":200,"column":2},"end":{"line":200,"column":null}},"10":{"start":{"line":3,"column":23},"end":{"line":3,"column":null}},"11":{"start":{"line":4,"column":42},"end":{"line":4,"column":null}},"12":{"start":{"line":6,"column":19},"end":{"line":6,"column":null}},"13":{"start":{"line":7,"column":58},"end":{"line":7,"column":null}},"14":{"start":{"line":9,"column":15},"end":{"line":9,"column":35}}},"fnMap":{"0":{"name":"SelectGroup","decl":{"start":{"line":11,"column":9},"end":{"line":11,"column":21}},"loc":{"start":{"line":11,"column":73},"end":{"line":19,"column":null}}},"1":{"name":"SelectValue","decl":{"start":{"line":21,"column":9},"end":{"line":21,"column":21}},"loc":{"start":{"line":21,"column":73},"end":{"line":29,"column":null}}},"2":{"name":"SelectTrigger","decl":{"start":{"line":31,"column":9},"end":{"line":31,"column":23}},"loc":{"start":{"line":38,"column":1},"end":{"line":57,"column":null}}},"3":{"name":"SelectContent","decl":{"start":{"line":59,"column":9},"end":{"line":59,"column":23}},"loc":{"start":{"line":72,"column":3},"end":{"line":96,"column":null}}},"4":{"name":"SelectLabel","decl":{"start":{"line":98,"column":9},"end":{"line":98,"column":21}},"loc":{"start":{"line":101,"column":35},"end":{"line":109,"column":null}}},"5":{"name":"SelectItem","decl":{"start":{"line":111,"column":9},"end":{"line":111,"column":20}},"loc":{"start":{"line":115,"column":29},"end":{"line":137,"column":null}}},"6":{"name":"SelectSeparator","decl":{"start":{"line":139,"column":9},"end":{"line":139,"column":25}},"loc":{"start":{"line":142,"column":34},"end":{"line":150,"column":null}}},"7":{"name":"SelectScrollUpButton","decl":{"start":{"line":152,"column":9},"end":{"line":152,"column":30}},"loc":{"start":{"line":155,"column":61},"end":{"line":169,"column":null}}},"8":{"name":"SelectScrollDownButton","decl":{"start":{"line":171,"column":9},"end":{"line":171,"column":32}},"loc":{"start":{"line":174,"column":63},"end":{"line":188,"column":null}}}},"branchMap":{"0":{"loc":{"start":{"line":33,"column":2},"end":{"line":33,"column":18}},"type":"default-arg","locations":[{"start":{"line":33,"column":9},"end":{"line":33,"column":18}}]},"1":{"loc":{"start":{"line":62,"column":2},"end":{"line":62,"column":17}},"type":"default-arg","locations":[{"start":{"line":62,"column":9},"end":{"line":62,"column":17}}]},"2":{"loc":{"start":{"line":63,"column":2},"end":{"line":63,"column":16}},"type":"default-arg","locations":[{"start":{"line":63,"column":15},"end":{"line":63,"column":16}}]},"3":{"loc":{"start":{"line":64,"column":2},"end":{"line":64,"column":18}},"type":"default-arg","locations":[{"start":{"line":64,"column":10},"end":{"line":64,"column":18}}]},"4":{"loc":{"start":{"line":65,"column":2},"end":{"line":65,"column":17}},"type":"default-arg","locations":[{"start":{"line":65,"column":16},"end":{"line":65,"column":17}}]},"5":{"loc":{"start":{"line":66,"column":2},"end":{"line":66,"column":29}},"type":"default-arg","locations":[{"start":{"line":66,"column":25},"end":{"line":66,"column":29}}]}},"s":{"0":0,"1":0,"2":0,"3":0,"4":0,"5":0,"6":0,"7":0,"8":0,"9":0,"10":0,"11":0,"12":0,"13":0,"14":0},"f":{"0":0,"1":0,"2":0,"3":0,"4":0,"5":0,"6":0,"7":0,"8":0},"b":{"0":[0],"1":[0],"2":[0],"3":[0],"4":[0],"5":[0]}}
,"/vercel/share/v0-project/components/ui/separator.tsx": {"path":"/vercel/share/v0-project/components/ui/separator.tsx","statementMap":{"0":{"start":{"line":25,"column":9},"end":{"line":25,"column":null}},"1":{"start":{"line":3,"column":48},"end":{"line":3,"column":null}},"2":{"start":{"line":5,"column":19},"end":{"line":5,"column":null}}},"fnMap":{"0":{"name":"Separator","decl":{"start":{"line":7,"column":9},"end":{"line":7,"column":19}},"loc":{"start":{"line":11,"column":27},"end":{"line":23,"column":null}}}},"branchMap":{"0":{"loc":{"start":{"line":9,"column":2},"end":{"line":9,"column":28}},"type":"default-arg","locations":[{"start":{"line":9,"column":16},"end":{"line":9,"column":28}}]}},"s":{"0":0,"1":0,"2":0},"f":{"0":0},"b":{"0":[0]}}
,"/vercel/share/v0-project/components/ui/tabs.tsx": {"path":"/vercel/share/v0-project/components/ui/tabs.tsx","statementMap":{"0":{"start":{"line":82,"column":9},"end":{"line":82,"column":15}},"1":{"start":{"line":82,"column":38},"end":{"line":82,"column":51}},"2":{"start":{"line":82,"column":15},"end":{"line":82,"column":25}},"3":{"start":{"line":82,"column":25},"end":{"line":82,"column":38}},"4":{"start":{"line":82,"column":51},"end":{"line":82,"column":null}},"5":{"start":{"line":3,"column":38},"end":{"line":3,"column":null}},"6":{"start":{"line":4,"column":39},"end":{"line":4,"column":null}},"7":{"start":{"line":6,"column":19},"end":{"line":6,"column":null}},"8":{"start":{"line":26,"column":25},"end":{"line":38,"column":null}}},"fnMap":{"0":{"name":"Tabs","decl":{"start":{"line":8,"column":9},"end":{"line":8,"column":14}},"loc":{"start":{"line":12,"column":27},"end":{"line":24,"column":null}}},"1":{"name":"TabsList","decl":{"start":{"line":41,"column":9},"end":{"line":41,"column":18}},"loc":{"start":{"line":45,"column":67},"end":{"line":54,"column":null}}},"2":{"name":"TabsTrigger","decl":{"start":{"line":56,"column":9},"end":{"line":56,"column":21}},"loc":{"start":{"line":56,"column":69},"end":{"line":70,"column":null}}},"3":{"name":"TabsContent","decl":{"start":{"line":72,"column":9},"end":{"line":72,"column":21}},"loc":{"start":{"line":72,"column":71},"end":{"line":80,"column":null}}}},"branchMap":{"0":{"loc":{"start":{"line":10,"column":2},"end":{"line":10,"column":28}},"type":"default-arg","locations":[{"start":{"line":10,"column":16},"end":{"line":10,"column":28}}]},"1":{"loc":{"start":{"line":43,"column":2},"end":{"line":43,"column":21}},"type":"default-arg","locations":[{"start":{"line":43,"column":12},"end":{"line":43,"column":21}}]}},"s":{"0":0,"1":0,"2":0,"3":0,"4":0,"5":0,"6":0,"7":0,"8":0},"f":{"0":0,"1":0,"2":0,"3":0},"b":{"0":[0],"1":[0]}}
,"/vercel/share/v0-project/components/ui/textarea.tsx": {"path":"/vercel/share/v0-project/components/ui/textarea.tsx","statementMap":{"0":{"start":{"line":18,"column":9},"end":{"line":18,"column":null}},"1":{"start":{"line":1,"column":23},"end":{"line":1,"column":null}},"2":{"start":{"line":3,"column":19},"end":{"line":3,"column":null}}},"fnMap":{"0":{"name":"Textarea","decl":{"start":{"line":5,"column":9},"end":{"line":5,"column":18}},"loc":{"start":{"line":5,"column":75},"end":{"line":16,"column":null}}}},"branchMap":{},"s":{"0":0,"1":0,"2":0},"f":{"0":0},"b":{}}
,"/vercel/share/v0-project/components/ui/tooltip.tsx": {"path":"/vercel/share/v0-project/components/ui/tooltip.tsx","statementMap":{"0":{"start":{"line":66,"column":9},"end":{"line":66,"column":18}},"1":{"start":{"line":66,"column":34},"end":{"line":66,"column":50}},"2":{"start":{"line":66,"column":50},"end":{"line":66,"column":null}},"3":{"start":{"line":66,"column":18},"end":{"line":66,"column":34}},"4":{"start":{"line":3,"column":44},"end":{"line":3,"column":null}},"5":{"start":{"line":5,"column":19},"end":{"line":5,"column":null}}},"fnMap":{"0":{"name":"TooltipProvider","decl":{"start":{"line":7,"column":9},"end":{"line":7,"column":25}},"loc":{"start":{"line":10,"column":34},"end":{"line":18,"column":null}}},"1":{"name":"Tooltip","decl":{"start":{"line":20,"column":9},"end":{"line":20,"column":17}},"loc":{"start":{"line":20,"column":58},"end":{"line":22,"column":null}}},"2":{"name":"TooltipTrigger","decl":{"start":{"line":24,"column":9},"end":{"line":24,"column":24}},"loc":{"start":{"line":24,"column":68},"end":{"line":26,"column":null}}},"3":{"name":"TooltipContent","decl":{"start":{"line":28,"column":9},"end":{"line":28,"column":24}},"loc":{"start":{"line":40,"column":3},"end":{"line":64,"column":null}}}},"branchMap":{"0":{"loc":{"start":{"line":8,"column":2},"end":{"line":8,"column":11}},"type":"default-arg","locations":[{"start":{"line":8,"column":10},"end":{"line":8,"column":11}}]},"1":{"loc":{"start":{"line":30,"column":2},"end":{"line":30,"column":14}},"type":"default-arg","locations":[{"start":{"line":30,"column":9},"end":{"line":30,"column":14}}]},"2":{"loc":{"start":{"line":31,"column":2},"end":{"line":31,"column":16}},"type":"default-arg","locations":[{"start":{"line":31,"column":15},"end":{"line":31,"column":16}}]},"3":{"loc":{"start":{"line":32,"column":2},"end":{"line":32,"column":18}},"type":"default-arg","locations":[{"start":{"line":32,"column":10},"end":{"line":32,"column":18}}]},"4":{"loc":{"start":{"line":33,"column":2},"end":{"line":33,"column":17}},"type":"default-arg","locations":[{"start":{"line":33,"column":16},"end":{"line":33,"column":17}}]}},"s":{"0":0,"1":0,"2":0,"3":0,"4":0,"5":0},"f":{"0":0,"1":0,"2":0,"3":0},"b":{"0":[0],"1":[0],"2":[0],"3":[0],"4":[0]}}
,"/vercel/share/v0-project/lib/ai-fallback.ts": {"path":"/vercel/share/v0-project/lib/ai-fallback.ts","statementMap":{"0":{"start":{"line":43,"column":16},"end":{"line":43,"column":null}},"1":{"start":{"line":159,"column":16},"end":{"line":159,"column":38}},"2":{"start":{"line":20,"column":48},"end":{"line":20,"column":null}},"3":{"start":{"line":23,"column":2},"end":{"line":23,"column":null}},"4":{"start":{"line":23,"column":38},"end":{"line":23,"column":null}},"5":{"start":{"line":27,"column":2},"end":{"line":27,"column":null}},"6":{"start":{"line":27,"column":35},"end":{"line":27,"column":56}},"7":{"start":{"line":31,"column":2},"end":{"line":31,"column":null}},"8":{"start":{"line":31,"column":35},"end":{"line":31,"column":115}},"9":{"start":{"line":35,"column":2},"end":{"line":35,"column":null}},"10":{"start":{"line":35,"column":16},"end":{"line":35,"column":null}},"11":{"start":{"line":36,"column":2},"end":{"line":36,"column":null}},"12":{"start":{"line":48,"column":2},"end":{"line":50,"column":null}},"13":{"start":{"line":49,"column":4},"end":{"line":49,"column":null}},"14":{"start":{"line":52,"column":12},"end":{"line":52,"column":null}},"15":{"start":{"line":53,"column":16},"end":{"line":53,"column":null}},"16":{"start":{"line":54,"column":20},"end":{"line":54,"column":null}},"17":{"start":{"line":55,"column":22},"end":{"line":55,"column":null}},"18":{"start":{"line":56,"column":18},"end":{"line":56,"column":null}},"19":{"start":{"line":57,"column":18},"end":{"line":57,"column":null}},"20":{"start":{"line":59,"column":14},"end":{"line":59,"column":null}},"21":{"start":{"line":59,"column":38},"end":{"line":59,"column":null}},"22":{"start":{"line":59,"column":56},"end":{"line":59,"column":null}},"23":{"start":{"line":62,"column":2},"end":{"line":74,"column":null}},"24":{"start":{"line":63,"column":28},"end":{"line":63,"column":null}},"25":{"start":{"line":63,"column":57},"end":{"line":63,"column":69}},"26":{"start":{"line":64,"column":20},"end":{"line":64,"column":null}},"27":{"start":{"line":64,"column":61},"end":{"line":64,"column":null}},"28":{"start":{"line":65,"column":16},"end":{"line":65,"column":26}},"29":{"start":{"line":66,"column":18},"end":{"line":72,"column":null}},"30":{"start":{"line":73,"column":4},"end":{"line":73,"column":null}},"31":{"start":{"line":77,"column":2},"end":{"line":83,"column":null}},"32":{"start":{"line":78,"column":17},"end":{"line":78,"column":null}},"33":{"start":{"line":79,"column":4},"end":{"line":79,"column":null}},"34":{"start":{"line":79,"column":15},"end":{"line":79,"column":null}},"35":{"start":{"line":80,"column":4},"end":{"line":82,"column":null}},"36":{"start":{"line":86,"column":2},"end":{"line":90,"column":null}},"37":{"start":{"line":87,"column":17},"end":{"line":87,"column":null}},"38":{"start":{"line":88,"column":4},"end":{"line":88,"column":null}},"39":{"start":{"line":88,"column":15},"end":{"line":88,"column":null}},"40":{"start":{"line":89,"column":4},"end":{"line":89,"column":null}},"41":{"start":{"line":93,"column":2},"end":{"line":97,"column":null}},"42":{"start":{"line":94,"column":14},"end":{"line":94,"column":78}},"43":{"start":{"line":94,"column":53},"end":{"line":94,"column":74}},"44":{"start":{"line":95,"column":4},"end":{"line":95,"column":null}},"45":{"start":{"line":95,"column":12},"end":{"line":95,"column":null}},"46":{"start":{"line":96,"column":4},"end":{"line":96,"column":null}},"47":{"start":{"line":100,"column":2},"end":{"line":105,"column":null}},"48":{"start":{"line":101,"column":16},"end":{"line":101,"column":26}},"49":{"start":{"line":102,"column":4},"end":{"line":104,"column":null}},"50":{"start":{"line":108,"column":2},"end":{"line":111,"column":null}},"51":{"start":{"line":109,"column":14},"end":{"line":109,"column":37}},"52":{"start":{"line":110,"column":4},"end":{"line":110,"column":null}},"53":{"start":{"line":114,"column":2},"end":{"line":123,"column":null}},"54":{"start":{"line":115,"column":16},"end":{"line":115,"column":null}},"55":{"start":{"line":116,"column":19},"end":{"line":116,"column":null}},"56":{"start":{"line":116,"column":50},"end":{"line":116,"column":69}},"57":{"start":{"line":117,"column":19},"end":{"line":117,"column":null}},"58":{"start":{"line":117,"column":52},"end":{"line":117,"column":null}},"59":{"start":{"line":118,"column":4},"end":{"line":122,"column":null}},"60":{"start":{"line":126,"column":2},"end":{"line":132,"column":null}},"61":{"start":{"line":127,"column":22},"end":{"line":127,"column":86}},"62":{"start":{"line":127,"column":57},"end":{"line":127,"column":82}},"63":{"start":{"line":128,"column":16},"end":{"line":128,"column":null}},"64":{"start":{"line":129,"column":4},"end":{"line":131,"column":null}},"65":{"start":{"line":135,"column":2},"end":{"line":144,"column":null}},"66":{"start":{"line":136,"column":17},"end":{"line":136,"column":null}},"67":{"start":{"line":137,"column":4},"end":{"line":137,"column":null}},"68":{"start":{"line":137,"column":15},"end":{"line":137,"column":null}},"69":{"start":{"line":138,"column":17},"end":{"line":138,"column":null}},"70":{"start":{"line":139,"column":4},"end":{"line":143,"column":null}},"71":{"start":{"line":147,"column":19},"end":{"line":147,"column":null}},"72":{"start":{"line":148,"column":14},"end":{"line":148,"column":null}},"73":{"start":{"line":149,"column":2},"end":{"line":155,"column":null}},"74":{"start":{"line":160,"column":16},"end":{"line":160,"column":30}},"75":{"start":{"line":161,"column":19},"end":{"line":161,"column":null}},"76":{"start":{"line":161,"column":39},"end":{"line":161,"column":null}},"77":{"start":{"line":162,"column":15},"end":{"line":162,"column":null}},"78":{"start":{"line":162,"column":35},"end":{"line":162,"column":null}},"79":{"start":{"line":163,"column":17},"end":{"line":163,"column":null}},"80":{"start":{"line":163,"column":50},"end":{"line":163,"column":null}},"81":{"start":{"line":164,"column":24},"end":{"line":164,"column":null}},"82":{"start":{"line":164,"column":45},"end":{"line":164,"column":null}},"83":{"start":{"line":165,"column":28},"end":{"line":165,"column":null}},"84":{"start":{"line":165,"column":61},"end":{"line":165,"column":null}},"85":{"start":{"line":166,"column":16},"end":{"line":166,"column":null}},"86":{"start":{"line":166,"column":36},"end":{"line":166,"column":null}},"87":{"start":{"line":167,"column":21},"end":{"line":167,"column":72}},"88":{"start":{"line":167,"column":47},"end":{"line":167,"column":68}},"89":{"start":{"line":169,"column":48},"end":{"line":169,"column":50}},"90":{"start":{"line":171,"column":18},"end":{"line":171,"column":128}},"91":{"start":{"line":171,"column":44},"end":{"line":171,"column":124}},"92":{"start":{"line":172,"column":2},"end":{"line":181,"column":null}},"93":{"start":{"line":173,"column":4},"end":{"line":180,"column":null}},"94":{"start":{"line":183,"column":2},"end":{"line":191,"column":null}},"95":{"start":{"line":184,"column":16},"end":{"line":184,"column":45}},"96":{"start":{"line":185,"column":4},"end":{"line":190,"column":null}},"97":{"start":{"line":193,"column":2},"end":{"line":201,"column":null}},"98":{"start":{"line":194,"column":14},"end":{"line":194,"column":72}},"99":{"start":{"line":194,"column":47},"end":{"line":194,"column":68}},"100":{"start":{"line":195,"column":4},"end":{"line":200,"column":null}},"101":{"start":{"line":203,"column":27},"end":{"line":203,"column":null}},"102":{"start":{"line":203,"column":45},"end":{"line":203,"column":null}},"103":{"start":{"line":204,"column":25},"end":{"line":204,"column":null}},"104":{"start":{"line":204,"column":43},"end":{"line":204,"column":55}},"105":{"start":{"line":205,"column":2},"end":{"line":212,"column":null}},"106":{"start":{"line":206,"column":4},"end":{"line":211,"column":null}},"107":{"start":{"line":214,"column":12},"end":{"line":214,"column":35}},"108":{"start":{"line":215,"column":2},"end":{"line":222,"column":null}},"109":{"start":{"line":216,"column":4},"end":{"line":221,"column":null}},"110":{"start":{"line":224,"column":43},"end":{"line":228,"column":null}},"111":{"start":{"line":230,"column":19},"end":{"line":234,"column":null}},"112":{"start":{"line":236,"column":2},"end":{"line":245,"column":null}},"113":{"start":{"line":242,"column":66},"end":{"line":242,"column":75}}},"fnMap":{"0":{"name":"byType","decl":{"start":{"line":22,"column":9},"end":{"line":22,"column":16}},"loc":{"start":{"line":22,"column":69},"end":{"line":24,"column":null}}},"1":{"name":"(anonymous_4)","decl":{"start":{"line":23,"column":31},"end":{"line":23,"column":32}},"loc":{"start":{"line":23,"column":38},"end":{"line":23,"column":null}}},"2":{"name":"lowestWait","decl":{"start":{"line":26,"column":9},"end":{"line":26,"column":20}},"loc":{"start":{"line":26,"column":37},"end":{"line":28,"column":null}}},"3":{"name":"(anonymous_6)","decl":{"start":{"line":27,"column":25},"end":{"line":27,"column":26}},"loc":{"start":{"line":27,"column":35},"end":{"line":27,"column":56}}},"4":{"name":"busiest","decl":{"start":{"line":30,"column":9},"end":{"line":30,"column":17}},"loc":{"start":{"line":30,"column":34},"end":{"line":32,"column":null}}},"5":{"name":"(anonymous_8)","decl":{"start":{"line":31,"column":25},"end":{"line":31,"column":26}},"loc":{"start":{"line":31,"column":35},"end":{"line":31,"column":115}}},"6":{"name":"fmtWait","decl":{"start":{"line":34,"column":9},"end":{"line":34,"column":17}},"loc":{"start":{"line":34,"column":28},"end":{"line":37,"column":null}}},"7":{"name":"buildFallbackAnswer","decl":{"start":{"line":43,"column":16},"end":{"line":43,"column":null}},"loc":{"start":{"line":46,"column":37},"end":{"line":156,"column":null}}},"8":{"name":"(anonymous_11)","decl":{"start":{"line":59,"column":14},"end":{"line":59,"column":15}},"loc":{"start":{"line":59,"column":38},"end":{"line":59,"column":null}}},"9":{"name":"(anonymous_12)","decl":{"start":{"line":59,"column":49},"end":{"line":59,"column":50}},"loc":{"start":{"line":59,"column":56},"end":{"line":59,"column":null}}},"10":{"name":"(anonymous_13)","decl":{"start":{"line":63,"column":50},"end":{"line":63,"column":51}},"loc":{"start":{"line":63,"column":57},"end":{"line":63,"column":69}}},"11":{"name":"(anonymous_14)","decl":{"start":{"line":64,"column":54},"end":{"line":64,"column":55}},"loc":{"start":{"line":64,"column":61},"end":{"line":64,"column":null}}},"12":{"name":"(anonymous_15)","decl":{"start":{"line":94,"column":43},"end":{"line":94,"column":44}},"loc":{"start":{"line":94,"column":53},"end":{"line":94,"column":74}}},"13":{"name":"(anonymous_16)","decl":{"start":{"line":116,"column":43},"end":{"line":116,"column":44}},"loc":{"start":{"line":116,"column":50},"end":{"line":116,"column":69}}},"14":{"name":"(anonymous_17)","decl":{"start":{"line":117,"column":45},"end":{"line":117,"column":46}},"loc":{"start":{"line":117,"column":52},"end":{"line":117,"column":null}}},"15":{"name":"(anonymous_18)","decl":{"start":{"line":127,"column":47},"end":{"line":127,"column":48}},"loc":{"start":{"line":127,"column":57},"end":{"line":127,"column":82}}},"16":{"name":"buildFallbackBriefing","decl":{"start":{"line":159,"column":16},"end":{"line":159,"column":38}},"loc":{"start":{"line":159,"column":61},"end":{"line":246,"column":null}}},"17":{"name":"(anonymous_20)","decl":{"start":{"line":161,"column":32},"end":{"line":161,"column":33}},"loc":{"start":{"line":161,"column":39},"end":{"line":161,"column":null}}},"18":{"name":"(anonymous_21)","decl":{"start":{"line":162,"column":28},"end":{"line":162,"column":29}},"loc":{"start":{"line":162,"column":35},"end":{"line":162,"column":null}}},"19":{"name":"(anonymous_22)","decl":{"start":{"line":163,"column":43},"end":{"line":163,"column":44}},"loc":{"start":{"line":163,"column":50},"end":{"line":163,"column":null}}},"20":{"name":"(anonymous_23)","decl":{"start":{"line":164,"column":38},"end":{"line":164,"column":39}},"loc":{"start":{"line":164,"column":45},"end":{"line":164,"column":null}}},"21":{"name":"(anonymous_24)","decl":{"start":{"line":165,"column":54},"end":{"line":165,"column":55}},"loc":{"start":{"line":165,"column":61},"end":{"line":165,"column":null}}},"22":{"name":"(anonymous_25)","decl":{"start":{"line":166,"column":29},"end":{"line":166,"column":30}},"loc":{"start":{"line":166,"column":36},"end":{"line":166,"column":null}}},"23":{"name":"(anonymous_26)","decl":{"start":{"line":167,"column":37},"end":{"line":167,"column":38}},"loc":{"start":{"line":167,"column":47},"end":{"line":167,"column":68}}},"24":{"name":"(anonymous_27)","decl":{"start":{"line":171,"column":34},"end":{"line":171,"column":35}},"loc":{"start":{"line":171,"column":44},"end":{"line":171,"column":124}}},"25":{"name":"(anonymous_28)","decl":{"start":{"line":194,"column":37},"end":{"line":194,"column":38}},"loc":{"start":{"line":194,"column":47},"end":{"line":194,"column":68}}},"26":{"name":"(anonymous_29)","decl":{"start":{"line":203,"column":38},"end":{"line":203,"column":39}},"loc":{"start":{"line":203,"column":45},"end":{"line":203,"column":null}}},"27":{"name":"(anonymous_30)","decl":{"start":{"line":204,"column":36},"end":{"line":204,"column":37}},"loc":{"start":{"line":204,"column":43},"end":{"line":204,"column":55}}},"28":{"name":"(anonymous_31)","decl
[...]
,"/vercel/share/v0-project/lib/stadium-data.ts": {"path":"/vercel/share/v0-project/lib/stadium-data.ts","statementMap":{"0":{"start":{"line":14,"column":13},"end":{"line":14,"column":31}},"1":{"start":{"line":187,"column":16},"end":{"line":187,"column":30}},"2":{"start":{"line":182,"column":16},"end":{"line":182,"column":25}},"3":{"start":{"line":3,"column":16},"end":{"line":3,"column":27}},"4":{"start":{"line":4,"column":2},"end":{"line":4,"column":null}},"5":{"start":{"line":4,"column":26},"end":{"line":4,"column":null}},"6":{"start":{"line":5,"column":2},"end":{"line":5,"column":null}},"7":{"start":{"line":5,"column":26},"end":{"line":5,"column":null}},"8":{"start":{"line":6,"column":2},"end":{"line":6,"column":null}},"9":{"start":{"line":6,"column":26},"end":{"line":6,"column":null}},"10":{"start":{"line":7,"column":2},"end":{"line":7,"column":null}},"11":{"start":{"line":11,"column":2},"end":{"line":11,"column":null}},"12":{"start":{"line":14,"column":31},"end":{"line":180,"column":null}},"13":{"start":{"line":183,"column":2},"end":{"line":183,"column":null}},"14":{"start":{"line":183,"column":28},"end":{"line":183,"column":44}},"15":{"start":{"line":188,"column":2},"end":{"line":220,"column":null}},"16":{"start":{"line":196,"column":41},"end":{"line":204,"column":null}},"17":{"start":{"line":205,"column":43},"end":{"line":210,"column":null}},"18":{"start":{"line":211,"column":43},"end":{"line":217,"column":null}},"19":{"start":{"line":219,"column":35},"end":{"line":219,"column":null}}},"fnMap":{"0":{"name":"zoneStatus","decl":{"start":{"line":3,"column":16},"end":{"line":3,"column":27}},"loc":{"start":{"line":3,"column":47},"end":{"line":8,"column":null}}},"1":{"name":"isoMinutesAgo","decl":{"start":{"line":10,"column":9},"end":{"line":10,"column":23}},"loc":{"start":{"line":10,"column":34},"end":{"line":12,"column":null}}},"2":{"name":"getVenue","decl":{"start":{"line":182,"column":16},"end":{"line":182,"column":25}},"loc":{"start":{"line":182,"column":35},"end":{"line":184,"column":null}}},"3":{"name":"(anonymous_8)","decl":{"start":{"line":183,"column":21},"end":{"line":183,"column":22}},"loc":{"start":{"line":183,"column":28},"end":{"line":183,"column":44}}},"4":{"name":"buildSnapshot","decl":{"start":{"line":187,"column":16},"end":{"line":187,"column":30}},"loc":{"start":{"line":187,"column":42},"end":{"line":221,"column":null}}},"5":{"name":"(anonymous_10)","decl":{"start":{"line":196,"column":27},"end":{"line":196,"column":28}},"loc":{"start":{"line":196,"column":41},"end":{"line":204,"column":null}}},"6":{"name":"(anonymous_11)","decl":{"start":{"line":205,"column":35},"end":{"line":205,"column":36}},"loc":{"start":{"line":205,"column":43},"end":{"line":210,"column":null}}},"7":{"name":"(anonymous_12)","decl":{"start":{"line":211,"column":35},"end":{"line":211,"column":36}},"loc":{"start":{"line":211,"column":43},"end":{"line":217,"column":null}}},"8":{"name":"(anonymous_13)","decl":{"start":{"line":219,"column":27},"end":{"line":219,"column":28}},"loc":{"start":{"line":219,"column":35},"end":{"line":219,"column":null}}}},"branchMap":{"0":{"loc":{"start":{"line":4,"column":2},"end":{"line":4,"column":null}},"type":"if","locations":[{"start":{"line":4,"column":2},"end":{"line":4,"column":null}}]},"1":{"loc":{"start":{"line":5,"column":2},"end":{"line":5,"column":null}},"type":"if","locations":[{"start":{"line":5,"column":2},"end":{"line":5,"column":null}}]},"2":{"loc":{"start":{"line":6,"column":2},"end":{"line":6,"column":null}},"type":"if","locations":[{"start":{"line":6,"column":2},"end":{"line":6,"column":null}}]},"3":{"loc":{"start":{"line":183,"column":9},"end":{"line":183,"column":53}},"type":"binary-expr","locations":[{"start":{"line":183,"column":9},"end":{"line":183,"column":44}},{"start":{"line":183,"column":44},"end":{"line":183,"column":53}}]}},"s":{"0":0,"1":0,"2":0,"3":0,"4":0,"5":0,"6":0,"7":0,"8":0,"9":0,"10":0,"11":0,"12":0,"13":0,"14":0,"15":0,"16":0,"17":0,"18":0,"19":0},"f":{"0":0,"1":0,"2":0,"3":0,"4":0,"5":0,"6":0,"7":0,"8":0},"b":{"0":[0],"1":[0],"2":[0],"3":[0,0]}}
,"/vercel/share/v0-project/lib/use-live-data.ts": {"path":"/vercel/share/v0-project/lib/use-live-data.ts","statementMap":{"0":{"start":{"line":47,"column":16},"end":{"line":47,"column":31}},"1":{"start":{"line":93,"column":16},"end":{"line":93,"column":28}},"2":{"start":{"line":3,"column":66},"end":{"line":3,"column":null}},"3":{"start":{"line":5,"column":37},"end":{"line":5,"column":null}},"4":{"start":{"line":8,"column":2},"end":{"line":8,"column":null}},"5":{"start":{"line":12,"column":2},"end":{"line":12,"column":null}},"6":{"start":{"line":12,"column":19},"end":{"line":12,"column":null}},"7":{"start":{"line":13,"column":2},"end":{"line":13,"column":null}},"8":{"start":{"line":13,"column":20},"end":{"line":13,"column":null}},"9":{"start":{"line":14,"column":2},"end":{"line":14,"column":null}},"10":{"start":{"line":20,"column":19},"end":{"line":20,"column":49}},"11":{"start":{"line":21,"column":16},"end":{"line":21,"column":null}},"12":{"start":{"line":22,"column":23},"end":{"line":22,"column":null}},"13":{"start":{"line":23,"column":19},"end":{"line":23,"column":null}},"14":{"start":{"line":24,"column":18},"end":{"line":24,"column":null}},"15":{"start":{"line":25,"column":2},"end":{"line":30,"column":null}},"16":{"start":{"line":48,"column":16},"end":{"line":48,"column":null}},"17":{"start":{"line":48,"column":42},"end":{"line":48,"column":null}},"18":{"start":{"line":49,"column":22},"end":{"line":51,"column":null}},"19":{"start":{"line":50,"column":40},"end":{"line":50,"column":53}},"20":{"start":{"line":52,"column":24},"end":{"line":52,"column":99}},"21":{"start":{"line":52,"column":50},"end":{"line":52,"column":93}},"22":{"start":{"line":53,"column":20},"end":{"line":53,"column":91}},"23":{"start":{"line":53,"column":46},"end":{"line":53,"column":85}},"24":{"start":{"line":54,"column":26},"end":{"line":56,"column":10}},"25":{"start":{"line":55,"column":11},"end":{"line":55,"column":null}},"26":{"start":{"line":57,"column":25},"end":{"line":57,"column":null}},"27":{"start":{"line":57,"column":54},"end":{"line":57,"column":69}},"28":{"start":{"line":58,"column":24},"end":{"line":58,"column":null}},"29":{"start":{"line":58,"column":53},"end":{"line":58,"column":67}},"30":{"start":{"line":59,"column":24},"end":{"line":59,"column":null}},"31":{"start":{"line":61,"column":23},"end":{"line":63,"column":10}},"32":{"start":{"line":62,"column":11},"end":{"line":62,"column":null}},"33":{"start":{"line":64,"column":30},"end":{"line":70,"column":null}},"34":{"start":{"line":74,"column":2},"end":{"line":85,"column":null}},"35":{"start":{"line":94,"column":28},"end":{"line":94,"column":null}},"36":{"start":{"line":94,"column":50},"end":{"line":94,"column":null}},"37":{"start":{"line":95,"column":40},"end":{"line":95,"column":null}},"38":{"start":{"line":95,"column":63},"end":{"line":95,"column":null}},"39":{"start":{"line":96,"column":19},"end":{"line":96,"column":null}},"40":{"start":{"line":97,"column":2},"end":{"line":97,"column":null}},"41":{"start":{"line":100,"column":2},"end":{"line":103,"column":null}},"42":{"start":{"line":101,"column":4},"end":{"line":101,"column":null}},"43":{"start":{"line":102,"column":4},"end":{"line":102,"column":null}},"44":{"start":{"line":105,"column":2},"end":{"line":128,"column":null}},"45":{"start":{"line":106,"column":18},"end":{"line":126,"column":null}},"46":{"start":{"line":107,"column":6},"end":{"line":124,"column":null}},"47":{"start":{"line":108,"column":22},"end":{"line":108,"column":null}},"48":{"start":{"line":109,"column":26},"end":{"line":118,"column":null}},"49":{"start":{"line":110,"column":24},"end":{"line":110,"column":null}},"50":{"start":{"line":111,"column":26},"end":{"line":111,"column":null}},"51":{"start":{"line":112,"column":23},"end":{"line":112,"column":31}},"52":{"start":{"line":113,"column":10},"end":{"line":116,"column":null}},"53":{"start":{"line":113,"column":29},"end":{"line":113,"column":null}},"54":{"start":{"line":114,"column":15},"end":{"line":116,"column":null}},"55":{"start":{"line":114,"column":34},"end":{"line":114,"column":null}},"56":{"start":{"line":115,"column":15},"end":{"line":116,"column":null}},"57":{"start":{"line":115,"column":34},"end":{"line":115,"column":null}},"58":{"start":{"line":116,"column":15},"end":{"line":116,"column":null}},"59":{"start":{"line":117,"column":10},"end":{"line":117,"column":null}},"60":{"start":{"line":119,"column":27},"end":{"line":121,"column":null}},"61":{"start":{"line":123,"column":8},"end":{"line":123,"column":null}},"62":{"start":{"line":125,"column":6},"end":{"line":125,"column":null}},"63":{"start":{"line":127,"column":4},"end":{"line":127,"column":null}},"64":{"start":{"line":127,"column":17},"end":{"line":127,"column":null}},"65":{"start":{"line":130,"column":18},"end":{"line":130,"column":null}},"66":{"start":{"line":130,"column":32},"end":{"line":130,"column":55}},"67":{"start":{"line":132,"column":26},"end":{"line":139,"column":null}},"68":{"start":{"line":133,"column":4},"end":{"line":138,"column":null}},"69":{"start":{"line":133,"column":24},"end":{"line":138,"column":null}},"70":{"start":{"line":136,"column":8},"end":{"line":136,"column":null}},"71":{"start":{"line":141,"column":24},"end":{"line":150,"column":null}},"72":{"start":{"line":142,"column":4},"end":{"line":149,"column":null}},"73":{"start":{"line":142,"column":24},"end":{"line":149,"column":null}},"74":{"start":{"line":145,"column":8},"end":{"line":147,"column":null}},"75":{"start":{"line":152,"column":2},"end":{"line":152,"column":null}}},"fnMap":{"0":{"name":"clamp","decl":{"start":{"line":7,"column":9},"end":{"line":7,"column":15}},"loc":{"start":{"line":7,"column":44},"end":{"line":9,"column":null}}},"1":{"name":"nextTrend","decl":{"start":{"line":11,"column":9},"end":{"line":11,"column":19}},"loc":{"start":{"line":11,"column":48},"end":{"line":15,"column":null}}},"2":{"name":"jitterZone","decl":{"start":{"line":18,"column":9},"end":{"line":18,"column":20}},"loc":{"start":{"line":18,"column":30},"end":{"line":31,"column":null}}},"3":{"name":"computeMetrics","decl":{"start":{"line":47,"column":16},"end":{"line":47,"column":31}},"loc":{"start":{"line":47,"column":43},"end":{"line":86,"column":null}}},"4":{"name":"(anonymous_7)","decl":{"start":{"line":48,"column":35},"end":{"line":48,"column":36}},"loc":{"start":{"line":48,"column":42},"end":{"line":48,"column":null}}},"5":{"name":"(anonymous_8)","decl":{"start":{"line":50,"column":30},"end":{"line":50,"column":31}},"loc":{"start":{"line":50,"column":40},"end":{"line":50,"column":53}}},"6":{"name":"(anonymous_9)","decl":{"start":{"line":52,"column":43},"end":{"line":52,"column":44}},"loc":{"start":{"line":52,"column":50},"end":{"line":52,"column":93}}},"7":{"name":"(anonymous_10)","decl":{"start":{"line":53,"column":39},"end":{"line":53,"column":40}},"loc":{"start":{"line":53,"column":46},"end":{"line":53,"column":85}}},"8":{"name":"(anonymous_11)","decl":{"start":{"line":55,"column":4},"end":{"line":55,"column":5}},"loc":{"start":{"line":55,"column":11},"end":{"line":55,"column":null}}},"9":{"name":"(anonymous_12)","decl":{"start":{"line":57,"column":44},"end":{"line":57,"column":45}},"loc":{"start":{"line":57,"column":54},"end":{"line":57,"column":69}}},"10":{"name":"(anonymous_13)","decl":{"start":{"line":58,"column":43},"end":{"line":58,"column":44}},"loc":{"start":{"line":58,"column":53},"end":{"line":58,"column":67}}},"11":{"name":"(anonymous_14)","decl":{"start":{"line":62,"column":4},"end":{"line":62,"column":5}},"loc":{"start":{"line":62,"column":11},"end":{"line":62,"column":null}}},"12":{"name":"useLiveData","decl":{"start":{"line":93,"column":16},"end":{"line":93,"column":28}},"loc":{"start":{"line":93,"column":62},"end":{"line":153,"column":null}}},"13":{"name":"(anonymous_16)","decl":{"start":{"line":94,"column":44},"end":{"line":94,"column":50}},"loc":{"start":{"line":94,"column":50},"end":{"line":94,"column":null}}},"14":{"name":"(anonymous_17)","decl":{"start":{"line":95,"column":57},"end":{"line":95,"column":63}},"loc":{"start":{"line":95,"column":63},"end":{"line":95,"column":null}}},"15":{"name":"(anonymous_18)","decl":{"start":{"line":100,"column":12},"end":{"line":100,"column":null}},"loc":{"start":{"line":100,"column":12},"end":{"line":103,"column":5}}},"16":{"name":"(anonymous_19)","decl":{"start":{"line":105,"column":12},"end":{"line":105,"column":null}},"loc":{"start":{"line":105,"column":12},"end":{"line":128,"column":5}}},"17":{"name":"(anonymous_20)","decl":{"start":{"line":106,"column":30},"end":{"line":106,"column":null}},"loc":{"start":{"line":106,"column":30},"end":{"line":126,"column":7}}},"18":{"name":"(anonymous_21)","decl":{"start":{"line":107,"column":15},"end":{"line":107,"column":16}},"loc":{"start":{"line":107,"column":16},"end":{"line":124,"column":null}}},"19":{"name":"(anonymous_22)","decl":{"start":{"line":109,"column":45},"end":{"line":109,"column":46}},"loc":{"start":{"line":109,"column":46},"end":{"line":118,"column":null}}},"20":{"name":"(anonymous_23)","decl":{"start":{"line":127,"column":11},"end":{"line":127,"column":17}},"loc":{"start":{"line":127,"column":17},"end":{"line":127,"column":null}}},"21":{"name":"(anonymous_24)","decl":{"start":{"line":130,"column":26},"end":{"line":130,"column":32}},"loc":{"start":{"line":130,"column":32},"end":{"line":130,"column":55}}},"22":{"name":"(anonymous_25)","decl":{"start":{"line":132,"column":38},"end":{"line":132,"column":39}},"loc":{"start":{"line":132,"column":39},"end":{"line":139,"column":5}}},"23":{"name":"(anonymous_26)","decl":{"start":{"line":133,"column":13},"end":{"line":133,"column":14}},"loc":{"start":{"line":133,"column":24},"end":{"line":138,"column":null}}},"24":{"name":"(anonymous_27)","decl":{"start":{"line":135,"column":36},"end":{"line":135,"column":37}},"loc":{"start":{"line":136,"column":8},"end":{"line":136,"column":null}}},"25":{"name":"(anonymous_28)","decl":{"start":{"line":141,"column":36},"end":{"line":141,"column":37}},"loc":{"start":{"line":141,"column":37},"end":{"line":150,"column":5}}},"26":{"name":"(anonymous_29)","decl":{"start":{"line":142,"column":13},"end":{"line":142,"column":14}},"loc":{"start":{"line":142,"column":24},"end":{"line":149,"column":null}}},"27":{"name":"(anonymous_30)","decl":{"start":{"line":144,"column":36},"end":{"line":144,"column":37}},"loc":{"start":{"line":145,"column":8},"end":{"line":147,"column":null}}}},"branchMap":{"0":{"loc":{"start":{"line":7,"column":26},"end":{"line":7,"column":33}},"type":"default-arg","locations":[{"start":{"line":7,"column":32},"end":{"line":7,"column":33}}]},"1":{"loc":{"start":{"line":7,"column":35},"end":{"line":7,"column":44}},"type":"default-arg","locations":[{"start":{"line":7,"column":41},"end":{"line":7,"column":44}}]},"2":{"loc":{"start":{"line":12,"column":2},"end":{"line":12,"column":null}},"type":"if","locations":[{"start":{"line":12,"column":2},"end":{"line":12,"column":null}}]},"3":{"loc":{"start":{"line":13,"column":2},"end":{"line":13,"column":null}},"type":"if","locations":[{"start":{"line":13,"column":2},"end":{"line":13,"column":null}}]},"4":{"loc":{"start":{"line":23,"column":19},"end":{"line":23,"column":null}},"type":"cond-expr","locations":[{"start":{"line":23,"column":72},"end":{"line":23,"column":78}},{"start":{"line":23,"column":78},"end":{"line":23,"column":null}}]},"5":{"loc":{"start":{"line":23,"column":19},"end":{"line":23,"column":72}},"type":"binary-expr","locations":[{"start":{"line":23,"column":19},"end":{"line":23,"column":43}},{"start":{"line":23,"column":43},"end":{"line":23,"column":72}}]},"6":{"loc":{"start":{"line":49,"column":22},"end":{"line":51,"column":null}},"type":"cond-expr","locations":[{"start":{"line":50,"column":6},"end":{"line":50,"column":null}},{"start":{"line":51,"column":6},"end":{"line":51,"column":null}}]},"7":{"loc":{"start":{"line":55,"column":11},"end":{"line":55,"column":null}},"type":"binary-expr","locations":[{"start":{"line":55,"column":11},"end":{"line":55,"column":36}},{"start":{"line":55,"column":36},"end":{"line":55,"column":null}}]},"8":{"loc":{"start":{"line":62,"column":11},"end":{"line":62,"column":null}},"type":"binary-expr","locations":[{"start":{"line":62,"column":11},"end":{"line":62,"column":37}},{"start":{"line":62,"column":37},"end":{"line":62,"column":62}},{"start":{"line":62,"column":62},"end":{"line":62,"column":86}}]},"9":{"loc":{"start":{"line":93,"column":45},"end":{"line":93,"column":62}},"type":"default-arg","locations":[{"start":{"line":93,"column":58},"end":{"line":93,"column":62}}]},"10":{"loc":{"start":{"line":113,"column":10},"end":{"line":116,"column":null}},"type":"if","locations":[{"start":{"line":113,"column":10},"end":{"line":116,"column":null}},{"start":{"line":114,"column":15},"end":{"line":116,"column":null}}]},"11":{"loc":{"start":{"line":114,"column":15},"end":{"line":116,"column":null}},"type":"if","locations":[{"start":{"line":114,"column":15},"end":{"line":116,"column":null}},{"start":{"line":115,"column":15},"end":{"line":116,"column":null}}]},"12":{"loc":{"start":{"line":115,"column":15},"end":{"line":116,"column":null}},"type":"if","locations":[{"start":{"line":115,"column":15},"end":{"line":116,"column":null}},{"start":{"line":116,"column":15},"end":{"line":116,"column":null}}]},"13":{"loc":{"start":{"line":136,"column":8},"end":{"line":136,"column":null}},"type":"cond-expr","locations":[{"start":{"line":136,"column":30},"end":{"line":136,"column":70}},{"start":{"line":136,"column":70},"end":{"line":136,"column":null}}]},"14":{"loc":{"start":{"line":145,"column":8},"end":{"line":147,"column":null}},"type":"cond-expr","locations":[{"start":{"line":146,"column":12},"end":{"line":146,"column":null}},{"start":{"line":147,"column":12},"end":{"line":147,"column":null}}]},"15":{"loc":{"start":{"line":145,"column":8},"end":{"line":145,"column":null}},"type":"binary-expr","locations":[{"start":{"line":145,"column":8},"end":{"line":145,"column":31}},{"start":{"line":145,"column":31},"end":{"line":145,"column":null}}]}},"s":{"0":0,"1":0,"2":0,"3":0,"4":0,"5":0,"6":0,"7":0,"8":0,"9":0,"10":0,"11":0,"12":0,"13":0,"14":0,"15":0,"16":0,"17":0,"18":0,"19":0,"20":0,"21":0,"22":0,"23":0,"24":0,"25":0,"26":0,"27":0,"28":0,"29":0,"30":0,"31":0,"32":0,"33":0,"34":0,"35":0,"36":0,"37":0,"38":0,"39":0,"40":0,"41":0,"42":0,"43":0,"44":0,"45":0,"46":0,"47":0,"48":0,"49":0,"50":0,"51":0,"52":0,"53":0,"54":0,"55":0,"56":0,"57":0,"58":0,"59":0,"60":0,"61":0,"62":0,"63":0,"64":0,"65":0,"66":0,"67":0,"68":0,"69":0,"70":0,"71":0,"72":0,"73":0,"74":0,"75":0},"f":{"0":0,"1":0,"2":0,"3":0,"4":0,"5":0,"6":0,"7":0,"8":0,"9":0,"10":0,"11":0,"12":0,"13":0,"14":0,"15":0,"16":0,"17":0,"18":0,"19":0,"20":0,"21":0,"22":0,"23":0,"24":0,"25":0,"26":0,"27":0},"b":{"0":[0],"1":[0],"2":[0],"3":[0],"4":[0,0],"5":[0,0],"6":[0,0],"7":[0,0],"8":[0,0,0],"9":[0],"10":[0,0],"11":[0,0],"12":[0,0],"13":[0,0],"14":[0,0],"15":[0,0]}}
,"/vercel/share/v0-project/lib/utils.ts": {"path":"/vercel/share/v0-project/lib/utils.ts","statementMap":{"0":{"start":{"line":4,"column":16},"end":{"line":4,"column":19}},"1":{"start":{"line":1,"column":38},"end":{"line":1,"column":null}},"2":{"start":{"line":2,"column":24},"end":{"line":2,"column":null}},"3":{"start":{"line":5,"column":2},"end":{"line":5,"column":null}}},"fnMap":{"0":{"name":"cn","decl":{"start":{"line":4,"column":16},"end":{"line":4,"column":19}},"loc":{"start":{"line":4,"column":42},"end":{"line":6,"column":null}}}},"branchMap":{},"s":{"0":0,"1":0,"2":0,"3":0},"f":{"0":0},"b":{}}
}
