TN:
SF:app/layout.tsx
FN:31,RootLayout
FNF:1
FNH:0
FNDA:0,RootLayout
DA:1,0
DA:3,0
DA:4,0
DA:5,0
DA:7,0
DA:13,0
DA:19,0
DA:26,0
DA:31,0
LF:9
LH:0
BRDA:40,0,0,0
BRDA:40,0,1,0
BRF:2
BRH:0
end_of_record
TN:
SF:app/page.tsx
FN:9,Page
FN:18,(anonymous_2)
FNF:2
FNH:0
FNDA:0,Page
FNDA:0,(anonymous_2)
DA:3,0
DA:4,0
DA:5,0
DA:6,0
DA:7,0
DA:9,0
DA:10,0
DA:11,0
DA:12,0
DA:18,0
LF:10
LH:0
BRDA:26,0,0,0
BRF:1
BRH:0
end_of_record
TN:
SF:app/api/chat/route.ts
FN:23,snapshotText
FN:28,lastUserText
FN:29,(anonymous_5)
FN:32,(anonymous_6)
FN:33,(anonymous_7)
FN:37,systemPrompt
FN:82,chunk
FN:91,POST
FN:96,(anonymous_11)
FN:127,(anonymous_12)
FNF:10
FNH:0
FNDA:0,snapshotText
FNDA:0,lastUserText
FNDA:0,(anonymous_5)
FNDA:0,(anonymous_6)
FNDA:0,(anonymous_7)
FNDA:0,systemPrompt
FNDA:0,chunk
FNDA:0,POST
FNDA:0,(anonymous_11)
FNDA:0,(anonymous_12)
DA:8,0
DA:10,0
DA:12,0
DA:14,0
DA:24,0
DA:25,0
DA:29,0
DA:30,0
DA:31,0
DA:32,0
DA:33,0
DA:38,0
DA:51,0
DA:52,0
DA:65,0
DA:69,0
DA:83,0
DA:84,0
DA:85,0
DA:86,0
DA:88,0
DA:91,0
DA:92,0
DA:93,0
DA:95,0
DA:97,0
DA:98,0
DA:100,0
DA:101,0
DA:107,0
DA:108,0
DA:109,0
DA:110,0
DA:112,0
DA:115,0
DA:116,0
DA:121,0
DA:122,0
DA:123,0
DA:124,0
DA:125,0
DA:126,0
DA:127,0
DA:129,0
DA:131,0
DA:137,0
LF:46
LH:0
BRDA:24,0,0,0
BRDA:30,1,0,0
BRDA:51,2,0,0
BRDA:65,3,0,0
BRDA:65,3,1,0
BRDA:65,4,0,0
BRDA:65,4,1,0
BRDA:93,5,0,0
BRDA:93,5,1,0
BRDA:108,6,0,0
BRDA:115,7,0,0
BRDA:121,8,0,0
BRDA:121,8,1,0
BRF:13
BRH:0
end_of_record
TN:
SF:app/api/ops-briefing/route.ts
FN:35,POST
FNF:1
FNH:0
FNDA:0,POST
DA:1,0
DA:2,0
DA:4,0
DA:6,0
DA:8,0
DA:10,0
DA:35,0
DA:36,0
DA:38,0
DA:39,0
DA:59,0
DA:62,0
LF:12
LH:0
BRF:0
BRH:0
end_of_record
TN:
SF:components/app-header.tsx
FN:15,AppHeader
FN:30,(anonymous_2)
FN:65,(anonymous_3)
FN:70,(anonymous_4)
FNF:4
FNH:0
FNDA:0,AppHeader
FNDA:0,(anonymous_2)
FNDA:0,(anonymous_3)
FNDA:0,(anonymous_4)
DA:3,0
DA:4,0
DA:11,0
DA:12,0
DA:13,0
DA:15,0
DA:29,0
DA:30,0
DA:65,0
DA:71,0
LF:10
LH:0
BRDA:53,0,0,0
BRDA:65,1,0,0
BRDA:65,1,1,0
BRF:3
BRH:0
end_of_record
TN:
SF:components/assistant-chat.tsx
FN:22,AssistantChat
FN:44,(anonymous_2)
FN:57,(anonymous_3)
FN:61,submit
FN:94,(anonymous_5)
FN:98,(anonymous_6)
FN:109,(anonymous_7)
FN:111,(anonymous_8)
FN:148,(anonymous_9)
FN:156,(anonymous_10)
FN:157,(anonymous_11)
FN:173,(anonymous_12)
FNF:12
FNH:0
FNDA:0,AssistantChat
FNDA:0,(anonymous_2)
FNDA:0,(anonymous_3)
FNDA:0,submit
FNDA:0,(anonymous_5)
FNDA:0,(anonymous_6)
FNDA:0,(anonymous_7)
FNDA:0,(anonymous_8)
FNDA:0,(anonymous_9)
FNDA:0,(anonymous_10)
FNDA:0,(anonymous_11)
FNDA:0,(anonymous_12)
DA:3,0
DA:4,0
DA:5,0
DA:6,0
DA:7,0
DA:8,0
DA:9,0
DA:22,0
DA:33,0
DA:34,0
DA:35,0
DA:36,0
DA:38,0
DA:39,0
DA:41,0
DA:44,0
DA:55,0
DA:57,0
DA:58,0
DA:62,0
DA:63,0
DA:64,0
DA:65,0
DA:95,0
DA:98,0
DA:110,0
DA:111,0
DA:113,0
DA:114,0
DA:149,0
DA:150,0
DA:156,0
DA:158,0
DA:164,0
DA:165,0
DA:173,0
LF:36
LH:0
BRDA:55,0,0,0
BRDA:55,0,1,0
BRDA:63,1,0,0
BRDA:63,2,0,0
BRDA:63,2,1,0
BRDA:86,3,0,0
BRDA:89,4,0,0
BRDA:89,4,1,0
BRDA:111,5,0,0
BRDA:111,5,1,0
BRDA:117,6,0,0
BRDA:117,6,1,0
BRDA:122,7,0,0
BRDA:122,7,1,0
BRDA:127,8,0,0
BRDA:139,9,0,0
BRDA:158,10,0,0
BRDA:159,11,0,0
BRDA:159,11,1,0
BRDA:159,11,2,0
BRDA:159,11,3,0
BRDA:168,12,0,0
BRDA:168,12,1,0
BRDA:173,13,0,0
BRF:24
BRH:0
end_of_record
TN:
SF:components/fan/fan-experience.tsx
FN:20,FanExperience
FN:22,(anonymous_2)
FN:41,(anonymous_3)
FN:46,(anonymous_4)
FNF:4
FNH:0
FNDA:0,FanExperience
FNDA:0,(anonymous_2)
FNDA:0,(anonymous_3)
FNDA:0,(anonymous_4)
DA:3,0
DA:4,0
DA:5,0
DA:6,0
DA:7,0
DA:9,0
DA:10,0
DA:11,0
DA:13,0
DA:20,0
DA:21,0
DA:22,0
DA:42,0
DA:46,0
LF:14
LH:0
BRDA:45,0,0,0
BRDA:45,0,1,0
BRF:2
BRH:0
end_of_record
TN:
SF:components/fan/match-card.tsx
FN:8,MatchCard
FN:47,Stat
FNF:2
FNH:0
FNDA:0,MatchCard
FNDA:0,Stat
DA:3,0
DA:4,0
DA:5,0
DA:8,0
DA:9,0
DA:10,0
LF:6
LH:0
BRF:0
BRH:0
end_of_record
TN:
SF:components/fan/services-grid.tsx
FN:31,ServicesGrid
FN:34,(anonymous_2)
FN:35,(anonymous_3)
FN:50,(anonymous_4)
FNF:4
FNH:0
FNDA:0,ServicesGrid
FNDA:0,(anonymous_2)
FNDA:0,(anonymous_3)
FNDA:0,(anonymous_4)
DA:3,0
DA:4,0
DA:5,0
DA:7,0
DA:8,0
DA:9,0
DA:19,0
DA:21,0
DA:31,0
DA:33,0
DA:34,0
DA:35,0
DA:51,0
DA:52,0
DA:53,0
DA:54,0
LF:16
LH:0
BRDA:34,0,0,0
BRDA:34,0,1,0
BRDA:51,1,0,0
BRDA:51,1,1,0
BRDA:69,2,0,0
BRDA:90,3,0,0
BRDA:90,3,1,0
BRF:7
BRH:0
end_of_record
TN:
SF:components/ops/ai-briefing.tsx
FN:52,AiBriefing
FN:59,(anonymous_2)
FN:78,(anonymous_3)
FN:106,(anonymous_4)
FN:133,(anonymous_5)
FNF:5
FNH:0
FNDA:0,AiBriefing
FNDA:0,(anonymous_2)
FNDA:0,(anonymous_3)
FNDA:0,(anonymous_4)
FNDA:0,(anonymous_5)
DA:3,0
DA:13,0
DA:14,0
DA:15,0
DA:16,0
DA:34,0
DA:41,0
DA:50,0
DA:52,0
DA:53,0
DA:54,0
DA:55,0
DA:56,0
DA:57,0
DA:59,0
DA:60,0
DA:61,0
DA:62,0
DA:63,0
DA:68,0
DA:69,0
DA:71,0
DA:73,0
DA:78,0
DA:79,0
DA:107,0
DA:134,0
DA:135,0
LF:28
LH:0
BRDA:68,0,0,0
BRDA:99,1,0,0
BRDA:99,1,1,0
BRDA:100,2,0,0
BRDA:100,2,1,0
BRDA:104,3,0,0
BRDA:104,3,1,0
BRDA:112,4,0,0
BRDA:118,5,0,0
BRDA:134,6,0,0
BRDA:134,6,1,0
BRF:11
BRH:0
end_of_record
TN:
SF:components/ops/incident-feed.tsx
FN:35,IncidentFeed
FN:44,(anonymous_2)
FN:48,(anonymous_3)
FN:60,(anonymous_4)
FN:92,(anonymous_5)
FN:96,(anonymous_6)
FNF:6
FNH:0
FNDA:0,IncidentFeed
FNDA:0,(anonymous_2)
FNDA:0,(anonymous_3)
FNDA:0,(anonymous_4)
FNDA:0,(anonymous_5)
FNDA:0,(anonymous_6)
DA:12,0
DA:13,0
DA:14,0
DA:15,0
DA:16,0
DA:19,0
DA:28,0
DA:35,0
DA:44,0
DA:45,0
DA:46,0
DA:48,0
DA:61,0
DA:62,0
DA:63,0
DA:64,0
DA:92,0
DA:96,0
LF:18
LH:0
BRDA:69,0,0,0
BRDA:69,0,1,0
BRDA:89,1,0,0
BRDA:91,2,0,0
BRF:4
BRH:0
end_of_record
TN:
SF:components/ops/ops-dashboard.tsx
FN:21,OpsDashboard
FNF:1
FNH:0
FNDA:0,OpsDashboard
DA:3,0
DA:4,0
DA:5,0
DA:6,0
DA:7,0
DA:8,0
DA:9,0
DA:10,0
DA:14,0
DA:21,0
DA:32,0
LF:11
LH:0
BRF:0
BRH:0
end_of_record
TN:
SF:components/ops/ops-metrics.tsx
FN:8,pressureMeta
FN:15,Metric
FN:46,OpsMetrics
FNF:3
FNH:0
FNDA:0,pressureMeta
FNDA:0,Metric
FNDA:0,OpsMetrics
DA:3,0
DA:4,0
DA:5,0
DA:9,0
DA:10,0
DA:11,0
DA:12,0
DA:28,0
DA:46,0
DA:47,0
LF:10
LH:0
BRDA:9,0,0,0
BRDA:10,1,0,0
BRDA:11,2,0,0
BRDA:20,3,0,0
BRDA:41,4,0,0
BRDA:79,5,0,0
BRDA:79,5,1,0
BRDA:79,6,0,0
BRDA:79,6,1,0
BRDA:86,7,0,0
BRDA:86,7,1,0
BRDA:86,8,0,0
BRDA:86,8,1,0
BRDA:93,9,0,0
BRDA:93,9,1,0
BRDA:93,10,0,0
BRDA:93,10,1,0
BRF:17
BRH:0
end_of_record
TN:
SF:components/ops/sustainability-card.tsx
FN:8,Row
FN:40,SustainabilityCard
FNF:2
FNH:0
FNDA:0,Row
FNDA:0,SustainabilityCard
DA:3,0
DA:4,0
DA:5,0
DA:40,0
LF:4
LH:0
BRDA:28,0,0,0
BRDA:31,1,0,0
BRDA:31,1,1,0
BRF:3
BRH:0
end_of_record
TN:
SF:components/ops/transport-board.tsx
FN:17,TransportBoard
FN:25,(anonymous_2)
FNF:2
FNH:0
FNDA:0,TransportBoard
FNDA:0,(anonymous_2)
DA:3,0
DA:4,0
DA:5,0
DA:6,0
DA:9,0
DA:17,0
DA:26,0
DA:27,0
DA:28,0
LF:9
LH:0
BRDA:49,0,0,0
BRDA:49,0,1,0
BRF:2
BRH:0
end_of_record
TN:
SF:components/ops/zone-heatmap.tsx
FN:18,TrendIcon
FN:24,ZoneHeatmap
FN:35,(anonymous_3)
FN:76,(anonymous_4)
FNF:4
FNH:0
FNDA:0,TrendIcon
FNDA:0,ZoneHeatmap
FNDA:0,(anonymous_3)
FNDA:0,(anonymous_4)
DA:3,0
DA:4,0
DA:5,0
DA:6,0
DA:7,0
DA:11,0
DA:24,0
DA:36,0
DA:37,0
DA:38,0
DA:77,0
LF:11
LH:0
BRDA:52,0,0,0
BRDA:62,1,0,0
BRDA:62,1,1,0
BRF:3
BRH:0
end_of_record
TN:
SF:components/ui/avatar.tsx
FN:8,Avatar
FN:28,AvatarImage
FN:41,AvatarFallback
FN:57,AvatarBadge
FN:73,AvatarGroup
FN:86,AvatarGroupCount
FNF:6
FNH:0
FNDA:0,Avatar
FNDA:0,AvatarImage
FNDA:0,AvatarFallback
FNDA:0,AvatarBadge
FNDA:0,AvatarGroup
FNDA:0,AvatarGroupCount
DA:3,0
DA:4,0
DA:6,0
DA:103,0
DA:104,0
DA:105,0
DA:106,0
DA:107,0
DA:108,0
LF:9
LH:0
BRDA:10,0,0,0
BRF:1
BRH:0
end_of_record
TN:
SF:components/ui/badge.tsx
FN:30,Badge
FNF:1
FNH:0
FNDA:0,Badge
DA:1,0
DA:2,0
DA:3,0
DA:5,0
DA:7,0
DA:36,0
DA:52,0
LF:7
LH:0
BRDA:32,0,0,0
BRF:1
BRH:0
end_of_record
TN:
SF:components/ui/button.tsx
FN:43,Button
FNF:1
FNH:0
FNDA:0,Button
DA:1,0
DA:2,0
DA:4,0
DA:6,0
DA:58,0
LF:5
LH:0
BRDA:45,0,0,0
BRDA:46,1,0,0
BRF:2
BRH:0
end_of_record
TN:
SF:components/ui/card.tsx
FN:5,Card
FN:23,CardHeader
FN:36,CardTitle
FN:49,CardDescription
FN:59,CardAction
FN:72,CardContent
FN:82,CardFooter
FNF:7
FNH:0
FNDA:0,Card
FNDA:0,CardHeader
FNDA:0,CardTitle
FNDA:0,CardDescription
FNDA:0,CardAction
FNDA:0,CardContent
FNDA:0,CardFooter
DA:1,0
DA:3,0
DA:96,0
DA:97,0
DA:98,0
DA:99,0
DA:100,0
DA:101,0
DA:102,0
LF:9
LH:0
BRDA:7,0,0,0
BRF:1
BRH:0
end_of_record
TN:
SF:components/ui/input.tsx
FN:6,Input
FNF:1
FNH:0
FNDA:0,Input
DA:1,0
DA:2,0
DA:4,0
DA:20,0
LF:4
LH:0
BRF:0
BRH:0
end_of_record
TN:
SF:components/ui/progress.tsx
FN:7,Progress
FN:28,ProgressTrack
FN:41,ProgressIndicator
FN:54,ProgressLabel
FN:64,ProgressValue
FNF:5
FNH:0
FNDA:0,Progress
FNDA:0,ProgressTrack
FNDA:0,ProgressIndicator
FNDA:0,ProgressLabel
FNDA:0,ProgressValue
DA:3,0
DA:5,0
DA:78,0
DA:79,0
DA:80,0
DA:81,0
DA:82,0
LF:7
LH:0
BRF:0
BRH:0
end_of_record
TN:
SF:components/ui/scroll-area.tsx
FN:8,ScrollArea
FN:31,ScrollBar
FNF:2
FNH:0
FNDA:0,ScrollArea
FNDA:0,ScrollBar
DA:3,0
DA:4,0
DA:6,0
DA:55,0
LF:4
LH:0
BRDA:33,0,0,0
BRF:1
BRH:0
end_of_record
TN:
SF:components/ui/select.tsx
FN:11,SelectGroup
FN:21,SelectValue
FN:31,SelectTrigger
FN:59,SelectContent
FN:98,SelectLabel
FN:111,SelectItem
FN:139,SelectSeparator
FN:152,SelectScrollUpButton
FN:171,SelectScrollDownButton
FNF:9
FNH:0
FNDA:0,SelectGroup
FNDA:0,SelectValue
FNDA:0,SelectTrigger
FNDA:0,SelectContent
FNDA:0,SelectLabel
FNDA:0,SelectItem
FNDA:0,SelectSeparator
FNDA:0,SelectScrollUpButton
FNDA:0,SelectScrollDownButton
DA:3,0
DA:4,0
DA:6,0
DA:7,0
DA:9,0
DA:191,0
DA:192,0
DA:193,0
DA:194,0
DA:195,0
DA:196,0
DA:197,0
DA:198,0
DA:199,0
DA:200,0
LF:15
LH:0
BRDA:33,0,0,0
BRDA:62,1,0,0
BRDA:63,2,0,0
BRDA:64,3,0,0
BRDA:65,4,0,0
BRDA:66,5,0,0
BRF:6
BRH:0
end_of_record
TN:
SF:components/ui/separator.tsx
FN:7,Separator
FNF:1
FNH:0
FNDA:0,Separator
DA:3,0
DA:5,0
DA:25,0
LF:3
LH:0
BRDA:9,0,0,0
BRF:1
BRH:0
end_of_record
TN:
SF:components/ui/tabs.tsx
FN:8,Tabs
FN:41,TabsList
FN:56,TabsTrigger
FN:72,TabsContent
FNF:4
FNH:0
FNDA:0,Tabs
FNDA:0,TabsList
FNDA:0,TabsTrigger
FNDA:0,TabsContent
DA:3,0
DA:4,0
DA:6,0
DA:26,0
DA:82,0
LF:5
LH:0
BRDA:10,0,0,0
BRDA:43,1,0,0
BRF:2
BRH:0
end_of_record
TN:
SF:components/ui/textarea.tsx
FN:5,Textarea
FNF:1
FNH:0
FNDA:0,Textarea
DA:1,0
DA:3,0
DA:18,0
LF:3
LH:0
BRF:0
BRH:0
end_of_record
TN:
SF:components/ui/tooltip.tsx
FN:7,TooltipProvider
FN:20,Tooltip
FN:24,TooltipTrigger
FN:28,TooltipContent
FNF:4
FNH:0
FNDA:0,TooltipProvider
FNDA:0,Tooltip
FNDA:0,TooltipTrigger
FNDA:0,TooltipContent
DA:3,0
DA:5,0
DA:66,0
LF:3
LH:0
BRDA:8,0,0,0
BRDA:30,1,0,0
BRDA:31,2,0,0
BRDA:32,3,0,0
BRDA:33,4,0,0
BRF:5
BRH:0
end_of_record
TN:
SF:lib/ai-fallback.ts
FN:22,byType
FN:23,(anonymous_4)
FN:26,lowestWait
FN:27,(anonymous_6)
FN:30,busiest
FN:31,(anonymous_8)
FN:34,fmtWait
FN:43,buildFallbackAnswer
FN:59,(anonymous_11)
FN:59,(anonymous_12)
FN:63,(anonymous_13)
FN:64,(anonymous_14)
FN:94,(anonymous_15)
FN:116,(anonymous_16)
FN:117,(anonymous_17)
FN:127,(anonymous_18)
FN:159,buildFallbackBriefing
FN:161,(anonymous_20)
FN:162,(anonymous_21)
FN:163,(anonymous_22)
FN:164,(anonymous_23)
FN:165,(anonymous_24)
FN:166,(anonymous_25)
FN:167,(anonymous_26)
FN:171,(anonymous_27)
FN:194,(anonymous_28)
FN:203,(anonymous_29)
FN:204,(anonymous_30)
FN:242,(anonymous_31)
FNF:29
FNH:0
FNDA:0,byType
FNDA:0,(anonymous_4)
FNDA:0,lowestWait
FNDA:0,(anonymous_6)
FNDA:0,busiest
FNDA:0,(anonymous_8)
FNDA:0,fmtWait
FNDA:0,buildFallbackAnswer
FNDA:0,(anonymous_11)
FNDA:0,(anonymous_12)
FNDA:0,(anonymous_13)
FNDA:0,(anonymous_14)
FNDA:0,(anonymous_15)
FNDA:0,(anonymous_16)
FNDA:0,(anonymous_17)
FNDA:0,(anonymous_18)
FNDA:0,buildFallbackBriefing
FNDA:0,(anonymous_20)
FNDA:0,(anonymous_21)
FNDA:0,(anonymous_22)
FNDA:0,(anonymous_23)
FNDA:0,(anonymous_24)
FNDA:0,(anonymous_25)
FNDA:0,(anonymous_26)
FNDA:0,(anonymous_27)
FNDA:0,(anonymous_28)
FNDA:0,(anonymous_29)
FNDA:0,(anonymous_30)
FNDA:0,(anonymous_31)
DA:20,0
DA:23,0
DA:27,0
DA:31,0
DA:35,0
DA:36,0
DA:43,0
DA:48,0
DA:49,0
DA:52,0
DA:53,0
DA:54,0
DA:55,0
DA:56,0
DA:57,0
DA:59,0
DA:62,0
DA:63,0
DA:64,0
DA:65,0
DA:66,0
DA:73,0
DA:77,0
DA:78,0
DA:79,0
DA:80,0
DA:86,0
DA:87,0
DA:88,0
DA:89,0
DA:93,0
DA:94,0
DA:95,0
DA:96,0
DA:100,0
DA:101,0
DA:102,0
DA:108,0
DA:109,0
DA:110,0
DA:114,0
DA:115,0
DA:116,0
DA:117,0
DA:118,0
DA:126,0
DA:127,0
DA:128,0
DA:129,0
DA:135,0
DA:136,0
DA:137,0
DA:138,0
DA:139,0
DA:147,0
DA:148,0
DA:149,0
DA:159,0
DA:160,0
DA:161,0
DA:162,0
DA:163,0
DA:164,0
DA:165,0
DA:166,0
DA:167,0
DA:169,0
DA:171,0
DA:172,0
DA:173,0
DA:183,0
DA:184,0
DA:185,0
DA:193,0
DA:194,0
DA:195,0
DA:203,0
DA:204,0
DA:205,0
DA:206,0
DA:214,0
DA:215,0
DA:216,0
DA:224,0
DA:230,0
DA:236,0
DA:242,0
LF:87
LH:0
BRDA:31,0,0,0
BRDA:31,0,1,0
BRDA:35,1,0,0
BRDA:48,2,0,0
BRDA:48,3,0,0
BRDA:48,3,1,0
BRDA:62,4,0,0
BRDA:68,5,0,0
BRDA:68,5,1,0
BRDA:69,6,0,0
BRDA:69,6,1,0
BRDA:70,7,0,0
BRDA:70,7,1,0
BRDA:77,8,0,0
BRDA:79,9,0,0
BRDA:81,10,0,0
BRDA:81,10,1,0
BRDA:86,11,0,0
BRDA:88,12,0,0
BRDA:93,13,0,0
BRDA:95,14,0,0
BRDA:100,15,0,0
BRDA:102,16,0,0
BRDA:102,16,1,0
BRDA:108,17,0,0
BRDA:114,18,0,0
BRDA:114,19,0,0
BRDA:114,19,1,0
BRDA:117,20,0,0
BRDA:117,20,1,0
BRDA:120,21,0,0
BRDA:120,21,1,0
BRDA:121,22,0,0
BRDA:121,22,1,0
BRDA:126,23,0,0
BRDA:126,24,0,0
BRDA:126,24,1,0
BRDA:129,25,0,0
BRDA:129,25,1,0
BRDA:135,26,0,0
BRDA:137,27,0,0
BRDA:141,28,0,0
BRDA:141,28,1,0
BRDA:141,29,0,0
BRDA:141,29,1,0
BRDA:142,30,0,0
BRDA:142,30,1,0
BRDA:152,31,0,0
BRDA:152,31,1,0
BRDA:163,32,0,0
BRDA:163,32,1,0
BRDA:165,33,0,0
BRDA:165,33,1,0
BRDA:165,33,2,0
BRDA:171,34,0,0
BRDA:171,34,1,0
BRDA:172,35,0,0
BRDA:176,36,0,0
BRDA:176,36,1,0
BRDA:176,37,0,0
BRDA:176,37,1,0
BRDA:178,38,0,0
BRDA:178,38,1,0
BRDA:178,39,0,0
BRDA:178,39,1,0
BRDA:183,40,0,0
BRDA:183,41,0,0
BRDA:183,41,1,0
BRDA:184,42,0,0
BRDA:184,42,1,0
BRDA:188,43,0,0
BRDA:188,43,1,0
BRDA:189,44,0,0
BRDA:189,44,1,0
BRDA:189,45,0,0
BRDA:189,45,1,0
BRDA:193,46,0,0
BRDA:198,47,0,0
BRDA:198,47,1,0
BRDA:203,48,0,0
BRDA:203,48,1,0
BRDA:203,48,2,0
BRDA:205,49,0,0
BRDA:205,50,0,0
BRDA:205,50,1,0
BRDA:215,51,0,0
BRDA:224,52,0,0
BRDA:224,52,1,0
BRDA:224,53,0,0
BRDA:224,53,1,0
BRDA:226,54,0,0
BRDA:226,54,1,0
BRDA:226,55,0,0
BRDA:226,55,1,0
BRDA:226,55,2,0
BRDA:230,56,0,0
BRDA:230,56,1,0
BRDA:232,57,0,0
BRDA:232,57,1,0
BRDA:241,58,0,0
BRDA:241,58,1,0
BRF:101
BRH:0
end_of_record
TN:
SF:lib/format.ts
FN:57,timeAgo
FNF:1
FNH:0
FNDA:0,timeAgo
DA:9,7
DA:12,1
DA:19,4
DA:22,1
DA:29,3
DA:32,1
DA:38,5
DA:47,4
DA:57,0
DA:58,0
DA:59,0
DA:60,0
DA:61,0
DA:62,0
DA:63,0
DA:64,0
DA:67,1
LF:17
LH:9
BRDA:60,0,0,0
BRDA:61,1,0,0
BRDA:62,2,0,0
BRF:3
BRH:0
end_of_record
TN:
SF:lib/stadium-data.ts
FN:3,zoneStatus
FN:10,isoMinutesAgo
FN:182,getVenue
FN:183,(anonymous_8)
FN:187,buildSnapshot
FN:196,(anonymous_10)
FN:205,(anonymous_11)
FN:211,(anonymous_12)
FN:219,(anonymous_13)
FNF:9
FNH:0
FNDA:0,zoneStatus
FNDA:0,isoMinutesAgo
FNDA:0,getVenue
FNDA:0,(anonymous_8)
FNDA:0,buildSnapshot
FNDA:0,(anonymous_10)
FNDA:0,(anonymous_11)
FNDA:0,(anonymous_12)
FNDA:0,(anonymous_13)
DA:3,0
DA:4,0
DA:5,0
DA:6,0
DA:7,0
DA:11,0
DA:14,0
DA:182,0
DA:183,0
DA:187,0
DA:188,0
DA:196,0
DA:205,0
DA:211,0
DA:219,0
LF:15
LH:0
BRDA:4,0,0,0
BRDA:5,1,0,0
BRDA:6,2,0,0
BRDA:183,3,0,0
BRDA:183,3,1,0
BRF:5
BRH:0
end_of_record
TN:
SF:lib/use-live-data.ts
FN:7,clamp
FN:11,nextTrend
FN:18,jitterZone
FN:47,computeMetrics
FN:48,(anonymous_7)
FN:50,(anonymous_8)
FN:52,(anonymous_9)
FN:53,(anonymous_10)
FN:55,(anonymous_11)
FN:57,(anonymous_12)
FN:58,(anonymous_13)
FN:62,(anonymous_14)
FN:93,useLiveData
FN:94,(anonymous_16)
FN:95,(anonymous_17)
FN:100,(anonymous_18)
FN:105,(anonymous_19)
FN:106,(anonymous_20)
FN:107,(anonymous_21)
FN:109,(anonymous_22)
FN:127,(anonymous_23)
FN:130,(anonymous_24)
FN:132,(anonymous_25)
FN:133,(anonymous_26)
FN:135,(anonymous_27)
FN:141,(anonymous_28)
FN:142,(anonymous_29)
FN:144,(anonymous_30)
FNF:28
FNH:0
FNDA:0,clamp
FNDA:0,nextTrend
FNDA:0,jitterZone
FNDA:0,computeMetrics
FNDA:0,(anonymous_7)
FNDA:0,(anonymous_8)
FNDA:0,(anonymous_9)
FNDA:0,(anonymous_10)
FNDA:0,(anonymous_11)
FNDA:0,(anonymous_12)
FNDA:0,(anonymous_13)
FNDA:0,(anonymous_14)
FNDA:0,useLiveData
FNDA:0,(anonymous_16)
FNDA:0,(anonymous_17)
FNDA:0,(anonymous_18)
FNDA:0,(anonymous_19)
FNDA:0,(anonymous_20)
FNDA:0,(anonymous_21)
FNDA:0,(anonymous_22)
FNDA:0,(anonymous_23)
FNDA:0,(anonymous_24)
FNDA:0,(anonymous_25)
FNDA:0,(anonymous_26)
FNDA:0,(anonymous_27)
FNDA:0,(anonymous_28)
FNDA:0,(anonymous_29)
FNDA:0,(anonymous_30)
DA:3,0
DA:5,0
DA:8,0
DA:12,0
DA:13,0
DA:14,0
DA:20,0
DA:21,0
DA:22,0
DA:23,0
DA:24,0
DA:25,0
DA:47,0
DA:48,0
DA:49,0
DA:50,0
DA:52,0
DA:53,0
DA:54,0
DA:55,0
DA:57,0
DA:58,0
DA:59,0
DA:61,0
DA:62,0
DA:64,0
DA:74,0
DA:93,0
DA:94,0
DA:95,0
DA:96,0
DA:97,0
DA:100,0
DA:101,0
DA:102,0
DA:105,0
DA:106,0
DA:107,0
DA:108,0
DA:109,0
DA:110,0
DA:111,0
DA:112,0
DA:113,0
DA:114,0
DA:115,0
DA:116,0
DA:117,0
DA:119,0
DA:123,0
DA:125,0
DA:127,0
DA:130,0
DA:132,0
DA:133,0
DA:136,0
DA:141,0
DA:142,0
DA:145,0
DA:152,0
LF:60
LH:0
BRDA:7,0,0,0
BRDA:7,1,0,0
BRDA:12,2,0,0
BRDA:13,3,0,0
BRDA:23,4,0,0
BRDA:23,4,1,0
BRDA:23,5,0,0
BRDA:23,5,1,0
BRDA:49,6,0,0
BRDA:49,6,1,0
BRDA:55,7,0,0
BRDA:55,7,1,0
BRDA:62,8,0,0
BRDA:62,8,1,0
BRDA:62,8,2,0
BRDA:93,9,0,0
BRDA:113,10,0,0
BRDA:113,10,1,0
BRDA:114,11,0,0
BRDA:114,11,1,0
BRDA:115,12,0,0
BRDA:115,12,1,0
BRDA:136,13,0,0
BRDA:136,13,1,0
BRDA:145,14,0,0
BRDA:145,14,1,0
BRDA:145,15,0,0
BRDA:145,15,1,0
BRF:28
BRH:0
end_of_record
TN:
SF:lib/utils.ts
FN:4,cn
FNF:1
FNH:0
FNDA:0,cn
DA:1,0
DA:2,0
DA:4,0
DA:5,0
LF:4
LH:0
BRF:0
BRH:0
end_of_record
